[2022-02-26 10:03:40] local.ERROR: SQLSTATE[HY000] [2002] No such file or directory (SQL: select * from `users` where `id` = 1 limit 1) {"exception":"[object] (Illuminate\\Database\\QueryException(code: 2002): SQLSTATE[HY000] [2002] No such file or directory (SQL: select * from `users` where `id` = 1 limit 1) at /mnt/BLOCKSTORAGE/home/152693.cloudwaysapps.com/dmfstpkqcy/public_html/vendor/laravel/framework/src/Illuminate/Database/Connection.php:664, PDOException(code: 2002): SQLSTATE[HY000] [2002] No such file or directory at /mnt/BLOCKSTORAGE/home/152693.cloudwaysapps.com/dmfstpkqcy/public_html/vendor/laravel/framework/src/Illuminate/Database/Connectors/Connector.php:70)
[stacktrace]
#0 /mnt/BLOCKSTORAGE/home/152693.cloudwaysapps.com/dmfstpkqcy/public_html/vendor/laravel/framework/src/Illuminate/Database/Connection.php(624): Illuminate\\Database\\Connection->runQueryCallback('select * from `...', Array, Object(Closure))
#1 /mnt/BLOCKSTORAGE/home/152693.cloudwaysapps.com/dmfstpkqcy/public_html/vendor/laravel/framework/src/Illuminate/Database/Connection.php(333): Illuminate\\Database\\Connection->run('select * from `...', Array, Object(Closure))
#2 /mnt/BLOCKSTORAGE/home/152693.cloudwaysapps.com/dmfstpkqcy/public_html/vendor/laravel/framework/src/Illuminate/Database/Query/Builder.php(2095): Illuminate\\Database\\Connection->select('select * from `...', Array, true)
#3 /mnt/BLOCKSTORAGE/home/152693.cloudwaysapps.com/dmfstpkqcy/public_html/vendor/laravel/framework/src/Illuminate/Database/Query/Builder.php(2083): Illuminate\\Database\\Query\\Builder->runSelect()
#4 /mnt/BLOCKSTORAGE/home/152693.cloudwaysapps.com/dmfstpkqcy/public_html/vendor/laravel/framework/src/Illuminate/Database/Query/Builder.php(2569): Illuminate\\Database\\Query\\Builder->Illuminate\\Database\\Query\\{closure}()
#5 /mnt/BLOCKSTORAGE/home/152693.cloudwaysapps.com/dmfstpkqcy/public_html/vendor/laravel/framework/src/Illuminate/Database/Query/Builder.php(2084): Illuminate\\Database\\Query\\Builder->onceWithColumns(Array, Object(Closure))
#6 /mnt/BLOCKSTORAGE/home/152693.cloudwaysapps.com/dmfstpkqcy/public_html/vendor/laravel/framework/src/Illuminate/Database/Eloquent/Builder.php(519): Illuminate\\Database\\Query\\Builder->get(Array)
#7 /mnt/BLOCKSTORAGE/home/152693.cloudwaysapps.com/dmfstpkqcy/public_html/vendor/laravel/framework/src/Illuminate/Database/Eloquent/Builder.php(503): Illuminate\\Database\\Eloquent\\Builder->getModels(Array)
#8 /mnt/BLOCKSTORAGE/home/152693.cloudwaysapps.com/dmfstpkqcy/public_html/vendor/laravel/framework/src/Illuminate/Database/Concerns/BuildsQueries.php(77): Illuminate\\Database\\Eloquent\\Builder->get(Array)
#9 /mnt/BLOCKSTORAGE/home/152693.cloudwaysapps.com/dmfstpkqcy/public_html/vendor/laravel/framework/src/Illuminate/Auth/EloquentUserProvider.php(52): Illuminate\\Database\\Eloquent\\Builder->first()
#10 /mnt/BLOCKSTORAGE/home/152693.cloudwaysapps.com/dmfstpkqcy/public_html/vendor/laravel/framework/src/Illuminate/Auth/SessionGuard.php(131): Illuminate\\Auth\\EloquentUserProvider->retrieveById(1)
#11 /mnt/BLOCKSTORAGE/home/152693.cloudwaysapps.com/dmfstpkqcy/public_html/vendor/laravel/framework/src/Illuminate/Auth/GuardHelpers.php(60): Illuminate\\Auth\\SessionGuard->user()
#12 /mnt/BLOCKSTORAGE/home/152693.cloudwaysapps.com/dmfstpkqcy/public_html/vendor/laravel/framework/src/Illuminate/Auth/Middleware/Authenticate.php(62): Illuminate\\Auth\\SessionGuard->check()
#13 /mnt/BLOCKSTORAGE/home/152693.cloudwaysapps.com/dmfstpkqcy/public_html/vendor/laravel/framework/src/Illuminate/Auth/Middleware/Authenticate.php(41): Illuminate\\Auth\\Middleware\\Authenticate->authenticate(Object(Illuminate\\Http\\Request), Array)
#14 /mnt/BLOCKSTORAGE/home/152693.cloudwaysapps.com/dmfstpkqcy/public_html/vendor/laravel/framework/src/Illuminate/Pipeline/Pipeline.php(163): Illuminate\\Auth\\Middleware\\Authenticate->handle(Object(Illuminate\\Http\\Request), Object(Closure))
#15 /mnt/BLOCKSTORAGE/home/152693.cloudwaysapps.com/dmfstpkqcy/public_html/vendor/laravel/framework/src/Illuminate/Routing/Pipeline.php(53): Illuminate\\Pipeline\\Pipeline->Illuminate\\Pipeline\\{closure}(Object(Illuminate\\Http\\Request))
#16 /mnt/BLOCKSTORAGE/home/152693.cloudwaysapps.com/dmfstpkqcy/public_html/vendor/laravel/framework/src/Illuminate/Foundation/Http/Middleware/VerifyCsrfToken.php(75): Illuminate\\Routing\\Pipeline->Illuminate\\Routing\\{closure}(Object(Illuminate\\Http\\Request))
#17 /mnt/BLOCKSTORAGE/home/152693.cloudwaysapps.com/dmfstpkqcy/public_html/vendor/laravel/framework/src/Illuminate/Pipeline/Pipeline.php(163): Illuminate\\Foundation\\Http\\Middleware\\VerifyCsrfToken->handle(Object(Illuminate\\Http\\Request), Object(Closure))
#18 /mnt/BLOCKSTORAGE/home/152693.cloudwaysapps.com/dmfstpkqcy/public_html/vendor/laravel/framework/src/Illuminate/Routing/Pipeline.php(53): Illuminate\\Pipeline\\Pipeline->Illuminate\\Pipeline\\{closure}(Object(Illuminate\\Http\\Request))
#19 /mnt/BLOCKSTORAGE/home/152693.cloudwaysapps.com/dmfstpkqcy/public_html/vendor/laravel/framework/src/Illuminate/View/Middleware/ShareErrorsFromSession.php(49): Illuminate\\Routing\\Pipeline->Illuminate\\Routing\\{closure}(Object(Illuminate\\Http\\Request))
#20 /mnt/BLOCKSTORAGE/home/152693.cloudwaysapps.com/dmfstpkqcy/public_html/vendor/laravel/framework/src/Illuminate/Pipeline/Pipeline.php(163): Illuminate\\View\\Middleware\\ShareErrorsFromSession->handle(Object(Illuminate\\Http\\Request), Object(Closure))
#21 /mnt/BLOCKSTORAGE/home/152693.cloudwaysapps.com/dmfstpkqcy/public_html/vendor/laravel/framework/src/Illuminate/Routing/Pipeline.php(53): Illuminate\\Pipeline\\Pipeline->Illuminate\\Pipeline\\{closure}(Object(Illuminate\\Http\\Request))
#22 /mnt/BLOCKSTORAGE/home/152693.cloudwaysapps.com/dmfstpkqcy/public_html/vendor/laravel/framework/src/Illuminate/Session/Middleware/StartSession.php(63): Illuminate\\Routing\\Pipeline->Illuminate\\Routing\\{closure}(Object(Illuminate\\Http\\Request))
#23 /mnt/BLOCKSTORAGE/home/152693.cloudwaysapps.com/dmfstpkqcy/public_html/vendor/laravel/framework/src/Illuminate/Pipeline/Pipeline.php(163): Illuminate\\Session\\Middleware\\StartSession->handle(Object(Illuminate\\Http\\Request), Object(Closure))
#24 /mnt/BLOCKSTORAGE/home/152693.cloudwaysapps.com/dmfstpkqcy/public_html/vendor/laravel/framework/src/Illuminate/Routing/Pipeline.php(53): Illuminate\\Pipeline\\Pipeline->Illuminate\\Pipeline\\{closure}(Object(Illuminate\\Http\\Request))
#25 /mnt/BLOCKSTORAGE/home/152693.cloudwaysapps.com/dmfstpkqcy/public_html/vendor/laravel/framework/src/Illuminate/Cookie/Middleware/AddQueuedCookiesToResponse.php(37): Illuminate\\Routing\\Pipeline->Illuminate\\Routing\\{closure}(Object(Illuminate\\Http\\Request))
#26 /mnt/BLOCKSTORAGE/home/152693.cloudwaysapps.com/dmfstpkqcy/public_html/vendor/laravel/framework/src/Illuminate/Pipeline/Pipeline.php(163): Illuminate\\Cookie\\Middleware\\AddQueuedCookiesToResponse->handle(Object(Illuminate\\Http\\Request), Object(Closure))
#27 /mnt/BLOCKSTORAGE/home/152693.cloudwaysapps.com/dmfstpkqcy/public_html/vendor/laravel/framework/src/Illuminate/Routing/Pipeline.php(53): Illuminate\\Pipeline\\Pipeline->Illuminate\\Pipeline\\{closure}(Object(Illuminate\\Http\\Request))
#28 /mnt/BLOCKSTORAGE/home/152693.cloudwaysapps.com/dmfstpkqcy/public_html/vendor/laravel/framework/src/Illuminate/Cookie/Middleware/EncryptCookies.php(66): Illuminate\\Routing\\Pipeline->Illuminate\\Routing\\{closure}(Object(Illuminate\\Http\\Request))
#29 /mnt/BLOCKSTORAGE/home/152693.cloudwaysapps.com/dmfstpkqcy/public_html/vendor/laravel/framework/src/Illuminate/Pipeline/Pipeline.php(163): Illuminate\\Cookie\\Middleware\\EncryptCookies->handle(Object(Illuminate\\Http\\Request), Object(Closure))
#30 /mnt/BLOCKSTORAGE/home/152693.cloudwaysapps.com/dmfstpkqcy/public_html/vendor/laravel/framework/src/Illuminate/Routing/Pipeline.php(53): Illuminate\\Pipeline\\Pipeline->Illuminate\\Pipeline\\{closure}(Object(Illuminate\\Http\\Request))
#31 /mnt/BLOCKSTORAGE/home/152693.cloudwaysapps.com/dmfstpkqcy/public_html/vendor/laravel/framework/src/Illuminate/Pipeline/Pipeline.php(104): Illuminate\\Routing\\Pipeline->Illuminate\\Routing\\{closure}(Object(Illuminate\\Http\\Request))
#32 /mnt/BLOCKSTORAGE/home/152693.cloudwaysapps.com/dmfstpkqcy/public_html/vendor/laravel/framework/src/Illuminate/Routing/Router.php(684): Illuminate\\Pipeline\\Pipeline->then(Object(Closure))
#33 /mnt/BLOCKSTORAGE/home/152693.cloudwaysapps.com/dmfstpkqcy/public_html/vendor/laravel/framework/src/Illuminate/Routing/Router.php(659): Illuminate\\Routing\\Router->runRouteWithinStack(Object(Illuminate\\Routing\\Route), Object(Illuminate\\Http\\Request))
#34 /mnt/BLOCKSTORAGE/home/152693.cloudwaysapps.com/dmfstpkqcy/public_html/vendor/laravel/framework/src/Illuminate/Routing/Router.php(625): Illuminate\\Routing\\Router->runRoute(Object(Illuminate\\Http\\Request), Object(Illuminate\\Routing\\Route))
#35 /mnt/BLOCKSTORAGE/home/152693.cloudwaysapps.com/dmfstpkqcy/public_html/vendor/laravel/framework/src/Illuminate/Routing/Router.php(614): Illuminate\\Routing\\Router->dispatchToRoute(Object(Illuminate\\Http\\Request))
#36 /mnt/BLOCKSTORAGE/home/152693.cloudwaysapps.com/dmfstpkqcy/public_html/vendor/laravel/framework/src/Illuminate/Foundation/Http/Kernel.php(176): Illuminate\\Routing\\Router->dispatch(Object(Illuminate\\Http\\Request))
#37 /mnt/BLOCKSTORAGE/home/152693.cloudwaysapps.com/dmfstpkqcy/public_html/vendor/laravel/framework/src/Illuminate/Routing/Pipeline.php(30): Illuminate\\Foundation\\Http\\Kernel->Illuminate\\Foundation\\Http\\{closure}(Object(Illuminate\\Http\\Request))
#38 /mnt/BLOCKSTORAGE/home/152693.cloudwaysapps.com/dmfstpkqcy/public_html/vendor/barryvdh/laravel-debugbar/src/Middleware/InjectDebugbar.php(58): Illuminate\\Routing\\Pipeline->Illuminate\\Routing\\{closure}(Object(Illuminate\\Http\\Request))
#39 /mnt/BLOCKSTORAGE/home/152693.cloudwaysapps.com/dmfstpkqcy/public_html/vendor/laravel/framework/src/Illuminate/Pipeline/Pipeline.php(163): Barryvdh\\Debugbar\\Middleware\\InjectDebugbar->handle(Object(Illuminate\\Http\\Request), Object(Closure))
#40 /mnt/BLOCKSTORAGE/home/152693.cloudwaysapps.com/dmfstpkqcy/public_html/vendor/laravel/framework/src/Illuminate/Routing/Pipeline.php(53): Illuminate\\Pipeline\\Pipeline->Illuminate\\Pipeline\\{closure}(Object(Illuminate\\Http\\Request))
#41 /mnt/BLOCKSTORAGE/home/152693.cloudwaysapps.com/dmfstpkqcy/public_html/vendor/fideloper/proxy/src/TrustProxies.php(57): Illuminate\\Routing\\Pipeline->Illuminate\\Routing\\{closure}(Object(Illuminate\\Http\\Request))
#42 /mnt/BLOCKSTORAGE/home/152693.cloudwaysapps.com/dmfstpkqcy/public_html/vendor/laravel/framework/src/Illuminate/Pipeline/Pipeline.php(163): Fideloper\\Proxy\\TrustProxies->handle(Object(Illuminate\\Http\\Request), Object(Closure))
#43 /mnt/BLOCKSTORAGE/home/152693.cloudwaysapps.com/dmfstpkqcy/public_html/vendor/laravel/framework/src/Illuminate/Routing/Pipeline.php(53): Illuminate\\Pipeline\\Pipeline->Illuminate\\Pipeline\\{closure}(Object(Illuminate\\Http\\Request))
#44 /mnt/BLOCKSTORAGE/home/152693.cloudwaysapps.com/dmfstpkqcy/public_html/vendor/laravel/framework/src/Illuminate/Foundation/Http/Middleware/TransformsRequest.php(31): Illuminate\\Routing\\Pipeline->Illuminate\\Routing\\{closure}(Object(Illuminate\\Http\\Request))
#45 /mnt/BLOCKSTORAGE/home/152693.cloudwaysapps.com/dmfstpkqcy/public_html/vendor/laravel/framework/src/Illuminate/Pipeline/Pipeline.php(163): Illuminate\\Foundation\\Http\\Middleware\\TransformsRequest->handle(Object(Illuminate\\Http\\Request), Object(Closure))
#46 /mnt/BLOCKSTORAGE/home/152693.cloudwaysapps.com/dmfstpkqcy/public_html/vendor/laravel/framework/src/Illuminate/Routing/Pipeline.php(53): Illuminate\\Pipeline\\Pipeline->Illuminate\\Pipeline\\{closure}(Object(Illuminate\\Http\\Request))
#47 /mnt/BLOCKSTORAGE/home/152693.cloudwaysapps.com/dmfstpkqcy/public_html/vendor/laravel/framework/src/Illuminate/Foundation/Http/Middleware/TransformsRequest.php(31): Illuminate\\Routing\\Pipeline->Illuminate\\Routing\\{closure}(Object(Illuminate\\Http\\Request))
#48 /mnt/BLOCKSTORAGE/home/152693.cloudwaysapps.com/dmfstpkqcy/public_html/vendor/laravel/framework/src/Illuminate/Pipeline/Pipeline.php(163): Illuminate\\Foundation\\Http\\Middleware\\TransformsRequest->handle(Object(Illuminate\\Http\\Request), Object(Closure))
#49 /mnt/BLOCKSTORAGE/home/152693.cloudwaysapps.com/dmfstpkqcy/public_html/vendor/laravel/framework/src/Illuminate/Routing/Pipeline.php(53): Illuminate\\Pipeline\\Pipeline->Illuminate\\Pipeline\\{closure}(Object(Illuminate\\Http\\Request))
#50 /mnt/BLOCKSTORAGE/home/152693.cloudwaysapps.com/dmfstpkqcy/public_html/vendor/laravel/framework/src/Illuminate/Foundation/Http/Middleware/ValidatePostSize.php(27): Illuminate\\Routing\\Pipeline->Illuminate\\Routing\\{closure}(Object(Illuminate\\Http\\Request))
#51 /mnt/BLOCKSTORAGE/home/152693.cloudwaysapps.com/dmfstpkqcy/public_html/vendor/laravel/framework/src/Illuminate/Pipeline/Pipeline.php(163): Illuminate\\Foundation\\Http\\Middleware\\ValidatePostSize->handle(Object(Illuminate\\Http\\Request), Object(Closure))
#52 /mnt/BLOCKSTORAGE/home/152693.cloudwaysapps.com/dmfstpkqcy/public_html/vendor/laravel/framework/src/Illuminate/Routing/Pipeline.php(53): Illuminate\\Pipeline\\Pipeline->Illuminate\\Pipeline\\{closure}(Object(Illuminate\\Http\\Request))
#53 /mnt/BLOCKSTORAGE/home/152693.cloudwaysapps.com/dmfstpkqcy/public_html/vendor/laravel/framework/src/Illuminate/Foundation/Http/Middleware/CheckForMaintenanceMode.php(62): Illuminate\\Routing\\Pipeline->Illuminate\\Routing\\{closure}(Object(Illuminate\\Http\\Request))
#54 /mnt/BLOCKSTORAGE/home/152693.cloudwaysapps.com/dmfstpkqcy/public_html/vendor/laravel/framework/src/Illuminate/Pipeline/Pipeline.php(163): Illuminate\\Foundation\\Http\\Middleware\\CheckForMaintenanceMode->handle(Object(Illuminate\\Http\\Request), Object(Closure))
#55 /mnt/BLOCKSTORAGE/home/152693.cloudwaysapps.com/dmfstpkqcy/public_html/vendor/laravel/framework/src/Illuminate/Routing/Pipeline.php(53): Illuminate\\Pipeline\\Pipeline->Illuminate\\Pipeline\\{closure}(Object(Illuminate\\Http\\Request))
#56 /mnt/BLOCKSTORAGE/home/152693.cloudwaysapps.com/dmfstpkqcy/public_html/vendor/laravel/framework/src/Illuminate/Pipeline/Pipeline.php(104): Illuminate\\Routing\\Pipeline->Illuminate\\Routing\\{closure}(Object(Illuminate\\Http\\Request))
#57 /mnt/BLOCKSTORAGE/home/152693.cloudwaysapps.com/dmfstpkqcy/public_html/vendor/laravel/framework/src/Illuminate/Foundation/Http/Kernel.php(151): Illuminate\\Pipeline\\Pipeline->then(Object(Closure))
#58 /mnt/BLOCKSTORAGE/home/152693.cloudwaysapps.com/dmfstpkqcy/public_html/vendor/laravel/framework/src/Illuminate/Foundation/Http/Kernel.php(116): Illuminate\\Foundation\\Http\\Kernel->sendRequestThroughRouter(Object(Illuminate\\Http\\Request))
#59 /mnt/BLOCKSTORAGE/home/152693.cloudwaysapps.com/dmfstpkqcy/public_html/public/index.php(55): Illuminate\\Foundation\\Http\\Kernel->handle(Object(Illuminate\\Http\\Request))
#60 /mnt/BLOCKSTORAGE/home/152693.cloudwaysapps.com/dmfstpkqcy/public_html/index.php(21): require_once('/mnt/BLOCKSTORA...')
#61 {main}
"} 
[2022-02-26 10:03:41] local.ERROR: SQLSTATE[HY000] [2002] No such file or directory (SQL: select * from `users` where `id` = 1 limit 1) {"exception":"[object] (Illuminate\\Database\\QueryException(code: 2002): SQLSTATE[HY000] [2002] No such file or directory (SQL: select * from `users` where `id` = 1 limit 1) at /mnt/BLOCKSTORAGE/home/152693.cloudwaysapps.com/dmfstpkqcy/public_html/vendor/laravel/framework/src/Illuminate/Database/Connection.php:664, PDOException(code: 2002): SQLSTATE[HY000] [2002] No such file or directory at /mnt/BLOCKSTORAGE/home/152693.cloudwaysapps.com/dmfstpkqcy/public_html/vendor/laravel/framework/src/Illuminate/Database/Connectors/Connector.php:70)
[stacktrace]
#0 /mnt/BLOCKSTORAGE/home/152693.cloudwaysapps.com/dmfstpkqcy/public_html/vendor/laravel/framework/src/Illuminate/Database/Connection.php(624): Illuminate\\Database\\Connection->runQueryCallback('select * from `...', Array, Object(Closure))
#1 /mnt/BLOCKSTORAGE/home/152693.cloudwaysapps.com/dmfstpkqcy/public_html/vendor/laravel/framework/src/Illuminate/Database/Connection.php(333): Illuminate\\Database\\Connection->run('select * from `...', Array, Object(Closure))
#2 /mnt/BLOCKSTORAGE/home/152693.cloudwaysapps.com/dmfstpkqcy/public_html/vendor/laravel/framework/src/Illuminate/Database/Query/Builder.php(2095): Illuminate\\Database\\Connection->select('select * from `...', Array, true)
#3 /mnt/BLOCKSTORAGE/home/152693.cloudwaysapps.com/dmfstpkqcy/public_html/vendor/laravel/framework/src/Illuminate/Database/Query/Builder.php(2083): Illuminate\\Database\\Query\\Builder->runSelect()
#4 /mnt/BLOCKSTORAGE/home/152693.cloudwaysapps.com/dmfstpkqcy/public_html/vendor/laravel/framework/src/Illuminate/Database/Query/Builder.php(2569): Illuminate\\Database\\Query\\Builder->Illuminate\\Database\\Query\\{closure}()
#5 /mnt/BLOCKSTORAGE/home/152693.cloudwaysapps.com/dmfstpkqcy/public_html/vendor/laravel/framework/src/Illuminate/Database/Query/Builder.php(2084): Illuminate\\Database\\Query\\Builder->onceWithColumns(Array, Object(Closure))
#6 /mnt/BLOCKSTORAGE/home/152693.cloudwaysapps.com/dmfstpkqcy/public_html/vendor/laravel/framework/src/Illuminate/Database/Eloquent/Builder.php(519): Illuminate\\Database\\Query\\Builder->get(Array)
#7 /mnt/BLOCKSTORAGE/home/152693.cloudwaysapps.com/dmfstpkqcy/public_html/vendor/laravel/framework/src/Illuminate/Database/Eloquent/Builder.php(503): Illuminate\\Database\\Eloquent\\Builder->getModels(Array)
#8 /mnt/BLOCKSTORAGE/home/152693.cloudwaysapps.com/dmfstpkqcy/public_html/vendor/laravel/framework/src/Illuminate/Database/Concerns/BuildsQueries.php(77): Illuminate\\Database\\Eloquent\\Builder->get(Array)
#9 /mnt/BLOCKSTORAGE/home/152693.cloudwaysapps.com/dmfstpkqcy/public_html/vendor/laravel/framework/src/Illuminate/Auth/EloquentUserProvider.php(52): Illuminate\\Database\\Eloquent\\Builder->first()
#10 /mnt/BLOCKSTORAGE/home/152693.cloudwaysapps.com/dmfstpkqcy/public_html/vendor/laravel/framework/src/Illuminate/Auth/SessionGuard.php(131): Illuminate\\Auth\\EloquentUserProvider->retrieveById(1)
#11 /mnt/BLOCKSTORAGE/home/152693.cloudwaysapps.com/dmfstpkqcy/public_html/vendor/laravel/framework/src/Illuminate/Auth/GuardHelpers.php(60): Illuminate\\Auth\\SessionGuard->user()
#12 /mnt/BLOCKSTORAGE/home/152693.cloudwaysapps.com/dmfstpkqcy/public_html/vendor/laravel/framework/src/Illuminate/Auth/Middleware/Authenticate.php(62): Illuminate\\Auth\\SessionGuard->check()
#13 /mnt/BLOCKSTORAGE/home/152693.cloudwaysapps.com/dmfstpkqcy/public_html/vendor/laravel/framework/src/Illuminate/Auth/Middleware/Authenticate.php(41): Illuminate\\Auth\\Middleware\\Authenticate->authenticate(Object(Illuminate\\Http\\Request), Array)
#14 /mnt/BLOCKSTORAGE/home/152693.cloudwaysapps.com/dmfstpkqcy/public_html/vendor/laravel/framework/src/Illuminate/Pipeline/Pipeline.php(163): Illuminate\\Auth\\Middleware\\Authenticate->handle(Object(Illuminate\\Http\\Request), Object(Closure))
#15 /mnt/BLOCKSTORAGE/home/152693.cloudwaysapps.com/dmfstpkqcy/public_html/vendor/laravel/framework/src/Illuminate/Routing/Pipeline.php(53): Illuminate\\Pipeline\\Pipeline->Illuminate\\Pipeline\\{closure}(Object(Illuminate\\Http\\Request))
#16 /mnt/BLOCKSTORAGE/home/152693.cloudwaysapps.com/dmfstpkqcy/public_html/vendor/laravel/framework/src/Illuminate/Foundation/Http/Middleware/VerifyCsrfToken.php(75): Illuminate\\Routing\\Pipeline->Illuminate\\Routing\\{closure}(Object(Illuminate\\Http\\Request))
#17 /mnt/BLOCKSTORAGE/home/152693.cloudwaysapps.com/dmfstpkqcy/public_html/vendor/laravel/framework/src/Illuminate/Pipeline/Pipeline.php(163): Illuminate\\Foundation\\Http\\Middleware\\VerifyCsrfToken->handle(Object(Illuminate\\Http\\Request), Object(Closure))
#18 /mnt/BLOCKSTORAGE/home/152693.cloudwaysapps.com/dmfstpkqcy/public_html/vendor/laravel/framework/src/Illuminate/Routing/Pipeline.php(53): Illuminate\\Pipeline\\Pipeline->Illuminate\\Pipeline\\{closure}(Object(Illuminate\\Http\\Request))
#19 /mnt/BLOCKSTORAGE/home/152693.cloudwaysapps.com/dmfstpkqcy/public_html/vendor/laravel/framework/src/Illuminate/View/Middleware/ShareErrorsFromSession.php(49): Illuminate\\Routing\\Pipeline->Illuminate\\Routing\\{closure}(Object(Illuminate\\Http\\Request))
#20 /mnt/BLOCKSTORAGE/home/152693.cloudwaysapps.com/dmfstpkqcy/public_html/vendor/laravel/framework/src/Illuminate/Pipeline/Pipeline.php(163): Illuminate\\View\\Middleware\\ShareErrorsFromSession->handle(Object(Illuminate\\Http\\Request), Object(Closure))
#21 /mnt/BLOCKSTORAGE/home/152693.cloudwaysapps.com/dmfstpkqcy/public_html/vendor/laravel/framework/src/Illuminate/Routing/Pipeline.php(53): Illuminate\\Pipeline\\Pipeline->Illuminate\\Pipeline\\{closure}(Object(Illuminate\\Http\\Request))
#22 /mnt/BLOCKSTORAGE/home/152693.cloudwaysapps.com/dmfstpkqcy/public_html/vendor/laravel/framework/src/Illuminate/Session/Middleware/StartSession.php(63): Illuminate\\Routing\\Pipeline->Illuminate\\Routing\\{closure}(Object(Illuminate\\Http\\Request))
#23 /mnt/BLOCKSTORAGE/home/152693.cloudwaysapps.com/dmfstpkqcy/public_html/vendor/laravel/framework/src/Illuminate/Pipeline/Pipeline.php(163): Illuminate\\Session\\Middleware\\StartSession->handle(Object(Illuminate\\Http\\Request), Object(Closure))
#24 /mnt/BLOCKSTORAGE/home/152693.cloudwaysapps.com/dmfstpkqcy/public_html/vendor/laravel/framework/src/Illuminate/Routing/Pipeline.php(53): Illuminate\\Pipeline\\Pipeline->Illuminate\\Pipeline\\{closure}(Object(Illuminate\\Http\\Request))
#25 /mnt/BLOCKSTORAGE/home/152693.cloudwaysapps.com/dmfstpkqcy/public_html/vendor/laravel/framework/src/Illuminate/Cookie/Middleware/AddQueuedCookiesToResponse.php(37): Illuminate\\Routing\\Pipeline->Illuminate\\Routing\\{closure}(Object(Illuminate\\Http\\Request))
#26 /mnt/BLOCKSTORAGE/home/152693.cloudwaysapps.com/dmfstpkqcy/public_html/vendor/laravel/framework/src/Illuminate/Pipeline/Pipeline.php(163): Illuminate\\Cookie\\Middleware\\AddQueuedCookiesToResponse->handle(Object(Illuminate\\Http\\Request), Object(Closure))
#27 /mnt/BLOCKSTORAGE/home/152693.cloudwaysapps.com/dmfstpkqcy/public_html/vendor/laravel/framework/src/Illuminate/Routing/Pipeline.php(53): Illuminate\\Pipeline\\Pipeline->Illuminate\\Pipeline\\{closure}(Object(Illuminate\\Http\\Request))
#28 /mnt/BLOCKSTORAGE/home/152693.cloudwaysapps.com/dmfstpkqcy/public_html/vendor/laravel/framework/src/Illuminate/Cookie/Middleware/EncryptCookies.php(66): Illuminate\\Routing\\Pipeline->Illuminate\\Routing\\{closure}(Object(Illuminate\\Http\\Request))
#29 /mnt/BLOCKSTORAGE/home/152693.cloudwaysapps.com/dmfstpkqcy/public_html/vendor/laravel/framework/src/Illuminate/Pipeline/Pipeline.php(163): Illuminate\\Cookie\\Middleware\\EncryptCookies->handle(Object(Illuminate\\Http\\Request), Object(Closure))
#30 /mnt/BLOCKSTORAGE/home/152693.cloudwaysapps.com/dmfstpkqcy/public_html/vendor/laravel/framework/src/Illuminate/Routing/Pipeline.php(53): Illuminate\\Pipeline\\Pipeline->Illuminate\\Pipeline\\{closure}(Object(Illuminate\\Http\\Request))
#31 /mnt/BLOCKSTORAGE/home/152693.cloudwaysapps.com/dmfstpkqcy/public_html/vendor/laravel/framework/src/Illuminate/Pipeline/Pipeline.php(104): Illuminate\\Routing\\Pipeline->Illuminate\\Routing\\{closure}(Object(Illuminate\\Http\\Request))
#32 /mnt/BLOCKSTORAGE/home/152693.cloudwaysapps.com/dmfstpkqcy/public_html/vendor/laravel/framework/src/Illuminate/Routing/Router.php(684): Illuminate\\Pipeline\\Pipeline->then(Object(Closure))
#33 /mnt/BLOCKSTORAGE/home/152693.cloudwaysapps.com/dmfstpkqcy/public_html/vendor/laravel/framework/src/Illuminate/Routing/Router.php(659): Illuminate\\Routing\\Router->runRouteWithinStack(Object(Illuminate\\Routing\\Route), Object(Illuminate\\Http\\Request))
#34 /mnt/BLOCKSTORAGE/home/152693.cloudwaysapps.com/dmfstpkqcy/public_html/vendor/laravel/framework/src/Illuminate/Routing/Router.php(625): Illuminate\\Routing\\Router->runRoute(Object(Illuminate\\Http\\Request), Object(Illuminate\\Routing\\Route))
#35 /mnt/BLOCKSTORAGE/home/152693.cloudwaysapps.com/dmfstpkqcy/public_html/vendor/laravel/framework/src/Illuminate/Routing/Router.php(614): Illuminate\\Routing\\Router->dispatchToRoute(Object(Illuminate\\Http\\Request))
#36 /mnt/BLOCKSTORAGE/home/152693.cloudwaysapps.com/dmfstpkqcy/public_html/vendor/laravel/framework/src/Illuminate/Foundation/Http/Kernel.php(176): Illuminate\\Routing\\Router->dispatch(Object(Illuminate\\Http\\Request))
#37 /mnt/BLOCKSTORAGE/home/152693.cloudwaysapps.com/dmfstpkqcy/public_html/vendor/laravel/framework/src/Illuminate/Routing/Pipeline.php(30): Illuminate\\Foundation\\Http\\Kernel->Illuminate\\Foundation\\Http\\{closure}(Object(Illuminate\\Http\\Request))
#38 /mnt/BLOCKSTORAGE/home/152693.cloudwaysapps.com/dmfstpkqcy/public_html/vendor/barryvdh/laravel-debugbar/src/Middleware/InjectDebugbar.php(58): Illuminate\\Routing\\Pipeline->Illuminate\\Routing\\{closure}(Object(Illuminate\\Http\\Request))
#39 /mnt/BLOCKSTORAGE/home/152693.cloudwaysapps.com/dmfstpkqcy/public_html/vendor/laravel/framework/src/Illuminate/Pipeline/Pipeline.php(163): Barryvdh\\Debugbar\\Middleware\\InjectDebugbar->handle(Object(Illuminate\\Http\\Request), Object(Closure))
#40 /mnt/BLOCKSTORAGE/home/152693.cloudwaysapps.com/dmfstpkqcy/public_html/vendor/laravel/framework/src/Illuminate/Routing/Pipeline.php(53): Illuminate\\Pipeline\\Pipeline->Illuminate\\Pipeline\\{closure}(Object(Illuminate\\Http\\Request))
#41 /mnt/BLOCKSTORAGE/home/152693.cloudwaysapps.com/dmfstpkqcy/public_html/vendor/fideloper/proxy/src/TrustProxies.php(57): Illuminate\\Routing\\Pipeline->Illuminate\\Routing\\{closure}(Object(Illuminate\\Http\\Request))
#42 /mnt/BLOCKSTORAGE/home/152693.cloudwaysapps.com/dmfstpkqcy/public_html/vendor/laravel/framework/src/Illuminate/Pipeline/Pipeline.php(163): Fideloper\\Proxy\\TrustProxies->handle(Object(Illuminate\\Http\\Request), Object(Closure))
#43 /mnt/BLOCKSTORAGE/home/152693.cloudwaysapps.com/dmfstpkqcy/public_html/vendor/laravel/framework/src/Illuminate/Routing/Pipeline.php(53): Illuminate\\Pipeline\\Pipeline->Illuminate\\Pipeline\\{closure}(Object(Illuminate\\Http\\Request))
#44 /mnt/BLOCKSTORAGE/home/152693.cloudwaysapps.com/dmfstpkqcy/public_html/vendor/laravel/framework/src/Illuminate/Foundation/Http/Middleware/TransformsRequest.php(31): Illuminate\\Routing\\Pipeline->Illuminate\\Routing\\{closure}(Object(Illuminate\\Http\\Request))
#45 /mnt/BLOCKSTORAGE/home/152693.cloudwaysapps.com/dmfstpkqcy/public_html/vendor/laravel/framework/src/Illuminate/Pipeline/Pipeline.php(163): Illuminate\\Foundation\\Http\\Middleware\\TransformsRequest->handle(Object(Illuminate\\Http\\Request), Object(Closure))
#46 /mnt/BLOCKSTORAGE/home/152693.cloudwaysapps.com/dmfstpkqcy/public_html/vendor/laravel/framework/src/Illuminate/Routing/Pipeline.php(53): Illuminate\\Pipeline\\Pipeline->Illuminate\\Pipeline\\{closure}(Object(Illuminate\\Http\\Request))
#47 /mnt/BLOCKSTORAGE/home/152693.cloudwaysapps.com/dmfstpkqcy/public_html/vendor/laravel/framework/src/Illuminate/Foundation/Http/Middleware/TransformsRequest.php(31): Illuminate\\Routing\\Pipeline->Illuminate\\Routing\\{closure}(Object(Illuminate\\Http\\Request))
#48 /mnt/BLOCKSTORAGE/home/152693.cloudwaysapps.com/dmfstpkqcy/public_html/vendor/laravel/framework/src/Illuminate/Pipeline/Pipeline.php(163): Illuminate\\Foundation\\Http\\Middleware\\TransformsRequest->handle(Object(Illuminate\\Http\\Request), Object(Closure))
#49 /mnt/BLOCKSTORAGE/home/152693.cloudwaysapps.com/dmfstpkqcy/public_html/vendor/laravel/framework/src/Illuminate/Routing/Pipeline.php(53): Illuminate\\Pipeline\\Pipeline->Illuminate\\Pipeline\\{closure}(Object(Illuminate\\Http\\Request))
#50 /mnt/BLOCKSTORAGE/home/152693.cloudwaysapps.com/dmfstpkqcy/public_html/vendor/laravel/framework/src/Illuminate/Foundation/Http/Middleware/ValidatePostSize.php(27): Illuminate\\Routing\\Pipeline->Illuminate\\Routing\\{closure}(Object(Illuminate\\Http\\Request))
#51 /mnt/BLOCKSTORAGE/home/152693.cloudwaysapps.com/dmfstpkqcy/public_html/vendor/laravel/framework/src/Illuminate/Pipeline/Pipeline.php(163): Illuminate\\Foundation\\Http\\Middleware\\ValidatePostSize->handle(Object(Illuminate\\Http\\Request), Object(Closure))
#52 /mnt/BLOCKSTORAGE/home/152693.cloudwaysapps.com/dmfstpkqcy/public_html/vendor/laravel/framework/src/Illuminate/Routing/Pipeline.php(53): Illuminate\\Pipeline\\Pipeline->Illuminate\\Pipeline\\{closure}(Object(Illuminate\\Http\\Request))
#53 /mnt/BLOCKSTORAGE/home/152693.cloudwaysapps.com/dmfstpkqcy/public_html/vendor/laravel/framework/src/Illuminate/Foundation/Http/Middleware/CheckForMaintenanceMode.php(62): Illuminate\\Routing\\Pipeline->Illuminate\\Routing\\{closure}(Object(Illuminate\\Http\\Request))
#54 /mnt/BLOCKSTORAGE/home/152693.cloudwaysapps.com/dmfstpkqcy/public_html/vendor/laravel/framework/src/Illuminate/Pipeline/Pipeline.php(163): Illuminate\\Foundation\\Http\\Middleware\\CheckForMaintenanceMode->handle(Object(Illuminate\\Http\\Request), Object(Closure))
#55 /mnt/BLOCKSTORAGE/home/152693.cloudwaysapps.com/dmfstpkqcy/public_html/vendor/laravel/framework/src/Illuminate/Routing/Pipeline.php(53): Illuminate\\Pipeline\\Pipeline->Illuminate\\Pipeline\\{closure}(Object(Illuminate\\Http\\Request))
#56 /mnt/BLOCKSTORAGE/home/152693.cloudwaysapps.com/dmfstpkqcy/public_html/vendor/laravel/framework/src/Illuminate/Pipeline/Pipeline.php(104): Illuminate\\Routing\\Pipeline->Illuminate\\Routing\\{closure}(Object(Illuminate\\Http\\Request))
#57 /mnt/BLOCKSTORAGE/home/152693.cloudwaysapps.com/dmfstpkqcy/public_html/vendor/laravel/framework/src/Illuminate/Foundation/Http/Kernel.php(151): Illuminate\\Pipeline\\Pipeline->then(Object(Closure))
#58 /mnt/BLOCKSTORAGE/home/152693.cloudwaysapps.com/dmfstpkqcy/public_html/vendor/laravel/framework/src/Illuminate/Foundation/Http/Kernel.php(116): Illuminate\\Foundation\\Http\\Kernel->sendRequestThroughRouter(Object(Illuminate\\Http\\Request))
#59 /mnt/BLOCKSTORAGE/home/152693.cloudwaysapps.com/dmfstpkqcy/public_html/public/index.php(55): Illuminate\\Foundation\\Http\\Kernel->handle(Object(Illuminate\\Http\\Request))
#60 /mnt/BLOCKSTORAGE/home/152693.cloudwaysapps.com/dmfstpkqcy/public_html/index.php(21): require_once('/mnt/BLOCKSTORA...')
#61 {main}
"} 
[2022-02-26 10:03:43] local.ERROR: SQLSTATE[HY000] [2002] No such file or directory (SQL: select * from `users` where `id` = 1 limit 1) {"exception":"[object] (Illuminate\\Database\\QueryException(code: 2002): SQLSTATE[HY000] [2002] No such file or directory (SQL: select * from `users` where `id` = 1 limit 1) at /mnt/BLOCKSTORAGE/home/152693.cloudwaysapps.com/dmfstpkqcy/public_html/vendor/laravel/framework/src/Illuminate/Database/Connection.php:664, PDOException(code: 2002): SQLSTATE[HY000] [2002] No such file or directory at /mnt/BLOCKSTORAGE/home/152693.cloudwaysapps.com/dmfstpkqcy/public_html/vendor/laravel/framework/src/Illuminate/Database/Connectors/Connector.php:70)
[stacktrace]
#0 /mnt/BLOCKSTORAGE/home/152693.cloudwaysapps.com/dmfstpkqcy/public_html/vendor/laravel/framework/src/Illuminate/Database/Connection.php(624): Illuminate\\Database\\Connection->runQueryCallback('select * from `...', Array, Object(Closure))
#1 /mnt/BLOCKSTORAGE/home/152693.cloudwaysapps.com/dmfstpkqcy/public_html/vendor/laravel/framework/src/Illuminate/Database/Connection.php(333): Illuminate\\Database\\Connection->run('select * from `...', Array, Object(Closure))
#2 /mnt/BLOCKSTORAGE/home/152693.cloudwaysapps.com/dmfstpkqcy/public_html/vendor/laravel/framework/src/Illuminate/Database/Query/Builder.php(2095): Illuminate\\Database\\Connection->select('select * from `...', Array, true)
#3 /mnt/BLOCKSTORAGE/home/152693.cloudwaysapps.com/dmfstpkqcy/public_html/vendor/laravel/framework/src/Illuminate/Database/Query/Builder.php(2083): Illuminate\\Database\\Query\\Builder->runSelect()
#4 /mnt/BLOCKSTORAGE/home/152693.cloudwaysapps.com/dmfstpkqcy/public_html/vendor/laravel/framework/src/Illuminate/Database/Query/Builder.php(2569): Illuminate\\Database\\Query\\Builder->Illuminate\\Database\\Query\\{closure}()
#5 /mnt/BLOCKSTORAGE/home/152693.cloudwaysapps.com/dmfstpkqcy/public_html/vendor/laravel/framework/src/Illuminate/Database/Query/Builder.php(2084): Illuminate\\Database\\Query\\Builder->onceWithColumns(Array, Object(Closure))
#6 /mnt/BLOCKSTORAGE/home/152693.cloudwaysapps.com/dmfstpkqcy/public_html/vendor/laravel/framework/src/Illuminate/Database/Eloquent/Builder.php(519): Illuminate\\Database\\Query\\Builder->get(Array)
#7 /mnt/BLOCKSTORAGE/home/152693.cloudwaysapps.com/dmfstpkqcy/public_html/vendor/laravel/framework/src/Illuminate/Database/Eloquent/Builder.php(503): Illuminate\\Database\\Eloquent\\Builder->getModels(Array)
#8 /mnt/BLOCKSTORAGE/home/152693.cloudwaysapps.com/dmfstpkqcy/public_html/vendor/laravel/framework/src/Illuminate/Database/Concerns/BuildsQueries.php(77): Illuminate\\Database\\Eloquent\\Builder->get(Array)
#9 /mnt/BLOCKSTORAGE/home/152693.cloudwaysapps.com/dmfstpkqcy/public_html/vendor/laravel/framework/src/Illuminate/Auth/EloquentUserProvider.php(52): Illuminate\\Database\\Eloquent\\Builder->first()
#10 /mnt/BLOCKSTORAGE/home/152693.cloudwaysapps.com/dmfstpkqcy/public_html/vendor/laravel/framework/src/Illuminate/Auth/SessionGuard.php(131): Illuminate\\Auth\\EloquentUserProvider->retrieveById(1)
#11 /mnt/BLOCKSTORAGE/home/152693.cloudwaysapps.com/dmfstpkqcy/public_html/vendor/laravel/framework/src/Illuminate/Auth/GuardHelpers.php(60): Illuminate\\Auth\\SessionGuard->user()
#12 /mnt/BLOCKSTORAGE/home/152693.cloudwaysapps.com/dmfstpkqcy/public_html/vendor/laravel/framework/src/Illuminate/Auth/Middleware/Authenticate.php(62): Illuminate\\Auth\\SessionGuard->check()
#13 /mnt/BLOCKSTORAGE/home/152693.cloudwaysapps.com/dmfstpkqcy/public_html/vendor/laravel/framework/src/Illuminate/Auth/Middleware/Authenticate.php(41): Illuminate\\Auth\\Middleware\\Authenticate->authenticate(Object(Illuminate\\Http\\Request), Array)
#14 /mnt/BLOCKSTORAGE/home/152693.cloudwaysapps.com/dmfstpkqcy/public_html/vendor/laravel/framework/src/Illuminate/Pipeline/Pipeline.php(163): Illuminate\\Auth\\Middleware\\Authenticate->handle(Object(Illuminate\\Http\\Request), Object(Closure))
#15 /mnt/BLOCKSTORAGE/home/152693.cloudwaysapps.com/dmfstpkqcy/public_html/vendor/laravel/framework/src/Illuminate/Routing/Pipeline.php(53): Illuminate\\Pipeline\\Pipeline->Illuminate\\Pipeline\\{closure}(Object(Illuminate\\Http\\Request))
#16 /mnt/BLOCKSTORAGE/home/152693.cloudwaysapps.com/dmfstpkqcy/public_html/vendor/laravel/framework/src/Illuminate/Foundation/Http/Middleware/VerifyCsrfToken.php(75): Illuminate\\Routing\\Pipeline->Illuminate\\Routing\\{closure}(Object(Illuminate\\Http\\Request))
#17 /mnt/BLOCKSTORAGE/home/152693.cloudwaysapps.com/dmfstpkqcy/public_html/vendor/laravel/framework/src/Illuminate/Pipeline/Pipeline.php(163): Illuminate\\Foundation\\Http\\Middleware\\VerifyCsrfToken->handle(Object(Illuminate\\Http\\Request), Object(Closure))
#18 /mnt/BLOCKSTORAGE/home/152693.cloudwaysapps.com/dmfstpkqcy/public_html/vendor/laravel/framework/src/Illuminate/Routing/Pipeline.php(53): Illuminate\\Pipeline\\Pipeline->Illuminate\\Pipeline\\{closure}(Object(Illuminate\\Http\\Request))
#19 /mnt/BLOCKSTORAGE/home/152693.cloudwaysapps.com/dmfstpkqcy/public_html/vendor/laravel/framework/src/Illuminate/View/Middleware/ShareErrorsFromSession.php(49): Illuminate\\Routing\\Pipeline->Illuminate\\Routing\\{closure}(Object(Illuminate\\Http\\Request))
#20 /mnt/BLOCKSTORAGE/home/152693.cloudwaysapps.com/dmfstpkqcy/public_html/vendor/laravel/framework/src/Illuminate/Pipeline/Pipeline.php(163): Illuminate\\View\\Middleware\\ShareErrorsFromSession->handle(Object(Illuminate\\Http\\Request), Object(Closure))
#21 /mnt/BLOCKSTORAGE/home/152693.cloudwaysapps.com/dmfstpkqcy/public_html/vendor/laravel/framework/src/Illuminate/Routing/Pipeline.php(53): Illuminate\\Pipeline\\Pipeline->Illuminate\\Pipeline\\{closure}(Object(Illuminate\\Http\\Request))
#22 /mnt/BLOCKSTORAGE/home/152693.cloudwaysapps.com/dmfstpkqcy/public_html/vendor/laravel/framework/src/Illuminate/Session/Middleware/StartSession.php(63): Illuminate\\Routing\\Pipeline->Illuminate\\Routing\\{closure}(Object(Illuminate\\Http\\Request))
#23 /mnt/BLOCKSTORAGE/home/152693.cloudwaysapps.com/dmfstpkqcy/public_html/vendor/laravel/framework/src/Illuminate/Pipeline/Pipeline.php(163): Illuminate\\Session\\Middleware\\StartSession->handle(Object(Illuminate\\Http\\Request), Object(Closure))
#24 /mnt/BLOCKSTORAGE/home/152693.cloudwaysapps.com/dmfstpkqcy/public_html/vendor/laravel/framework/src/Illuminate/Routing/Pipeline.php(53): Illuminate\\Pipeline\\Pipeline->Illuminate\\Pipeline\\{closure}(Object(Illuminate\\Http\\Request))
#25 /mnt/BLOCKSTORAGE/home/152693.cloudwaysapps.com/dmfstpkqcy/public_html/vendor/laravel/framework/src/Illuminate/Cookie/Middleware/AddQueuedCookiesToResponse.php(37): Illuminate\\Routing\\Pipeline->Illuminate\\Routing\\{closure}(Object(Illuminate\\Http\\Request))
#26 /mnt/BLOCKSTORAGE/home/152693.cloudwaysapps.com/dmfstpkqcy/public_html/vendor/laravel/framework/src/Illuminate/Pipeline/Pipeline.php(163): Illuminate\\Cookie\\Middleware\\AddQueuedCookiesToResponse->handle(Object(Illuminate\\Http\\Request), Object(Closure))
#27 /mnt/BLOCKSTORAGE/home/152693.cloudwaysapps.com/dmfstpkqcy/public_html/vendor/laravel/framework/src/Illuminate/Routing/Pipeline.php(53): Illuminate\\Pipeline\\Pipeline->Illuminate\\Pipeline\\{closure}(Object(Illuminate\\Http\\Request))
#28 /mnt/BLOCKSTORAGE/home/152693.cloudwaysapps.com/dmfstpkqcy/public_html/vendor/laravel/framework/src/Illuminate/Cookie/Middleware/EncryptCookies.php(66): Illuminate\\Routing\\Pipeline->Illuminate\\Routing\\{closure}(Object(Illuminate\\Http\\Request))
#29 /mnt/BLOCKSTORAGE/home/152693.cloudwaysapps.com/dmfstpkqcy/public_html/vendor/laravel/framework/src/Illuminate/Pipeline/Pipeline.php(163): Illuminate\\Cookie\\Middleware\\EncryptCookies->handle(Object(Illuminate\\Http\\Request), Object(Closure))
#30 /mnt/BLOCKSTORAGE/home/152693.cloudwaysapps.com/dmfstpkqcy/public_html/vendor/laravel/framework/src/Illuminate/Routing/Pipeline.php(53): Illuminate\\Pipeline\\Pipeline->Illuminate\\Pipeline\\{closure}(Object(Illuminate\\Http\\Request))
#31 /mnt/BLOCKSTORAGE/home/152693.cloudwaysapps.com/dmfstpkqcy/public_html/vendor/laravel/framework/src/Illuminate/Pipeline/Pipeline.php(104): Illuminate\\Routing\\Pipeline->Illuminate\\Routing\\{closure}(Object(Illuminate\\Http\\Request))
#32 /mnt/BLOCKSTORAGE/home/152693.cloudwaysapps.com/dmfstpkqcy/public_html/vendor/laravel/framework/src/Illuminate/Routing/Router.php(684): Illuminate\\Pipeline\\Pipeline->then(Object(Closure))
#33 /mnt/BLOCKSTORAGE/home/152693.cloudwaysapps.com/dmfstpkqcy/public_html/vendor/laravel/framework/src/Illuminate/Routing/Router.php(659): Illuminate\\Routing\\Router->runRouteWithinStack(Object(Illuminate\\Routing\\Route), Object(Illuminate\\Http\\Request))
#34 /mnt/BLOCKSTORAGE/home/152693.cloudwaysapps.com/dmfstpkqcy/public_html/vendor/laravel/framework/src/Illuminate/Routing/Router.php(625): Illuminate\\Routing\\Router->runRoute(Object(Illuminate\\Http\\Request), Object(Illuminate\\Routing\\Route))
#35 /mnt/BLOCKSTORAGE/home/152693.cloudwaysapps.com/dmfstpkqcy/public_html/vendor/laravel/framework/src/Illuminate/Routing/Router.php(614): Illuminate\\Routing\\Router->dispatchToRoute(Object(Illuminate\\Http\\Request))
#36 /mnt/BLOCKSTORAGE/home/152693.cloudwaysapps.com/dmfstpkqcy/public_html/vendor/laravel/framework/src/Illuminate/Foundation/Http/Kernel.php(176): Illuminate\\Routing\\Router->dispatch(Object(Illuminate\\Http\\Request))
#37 /mnt/BLOCKSTORAGE/home/152693.cloudwaysapps.com/dmfstpkqcy/public_html/vendor/laravel/framework/src/Illuminate/Routing/Pipeline.php(30): Illuminate\\Foundation\\Http\\Kernel->Illuminate\\Foundation\\Http\\{closure}(Object(Illuminate\\Http\\Request))
#38 /mnt/BLOCKSTORAGE/home/152693.cloudwaysapps.com/dmfstpkqcy/public_html/vendor/barryvdh/laravel-debugbar/src/Middleware/InjectDebugbar.php(58): Illuminate\\Routing\\Pipeline->Illuminate\\Routing\\{closure}(Object(Illuminate\\Http\\Request))
#39 /mnt/BLOCKSTORAGE/home/152693.cloudwaysapps.com/dmfstpkqcy/public_html/vendor/laravel/framework/src/Illuminate/Pipeline/Pipeline.php(163): Barryvdh\\Debugbar\\Middleware\\InjectDebugbar->handle(Object(Illuminate\\Http\\Request), Object(Closure))
#40 /mnt/BLOCKSTORAGE/home/152693.cloudwaysapps.com/dmfstpkqcy/public_html/vendor/laravel/framework/src/Illuminate/Routing/Pipeline.php(53): Illuminate\\Pipeline\\Pipeline->Illuminate\\Pipeline\\{closure}(Object(Illuminate\\Http\\Request))
#41 /mnt/BLOCKSTORAGE/home/152693.cloudwaysapps.com/dmfstpkqcy/public_html/vendor/fideloper/proxy/src/TrustProxies.php(57): Illuminate\\Routing\\Pipeline->Illuminate\\Routing\\{closure}(Object(Illuminate\\Http\\Request))
#42 /mnt/BLOCKSTORAGE/home/152693.cloudwaysapps.com/dmfstpkqcy/public_html/vendor/laravel/framework/src/Illuminate/Pipeline/Pipeline.php(163): Fideloper\\Proxy\\TrustProxies->handle(Object(Illuminate\\Http\\Request), Object(Closure))
#43 /mnt/BLOCKSTORAGE/home/152693.cloudwaysapps.com/dmfstpkqcy/public_html/vendor/laravel/framework/src/Illuminate/Routing/Pipeline.php(53): Illuminate\\Pipeline\\Pipeline->Illuminate\\Pipeline\\{closure}(Object(Illuminate\\Http\\Request))
#44 /mnt/BLOCKSTORAGE/home/152693.cloudwaysapps.com/dmfstpkqcy/public_html/vendor/laravel/framework/src/Illuminate/Foundation/Http/Middleware/TransformsRequest.php(31): Illuminate\\Routing\\Pipeline->Illuminate\\Routing\\{closure}(Object(Illuminate\\Http\\Request))
#45 /mnt/BLOCKSTORAGE/home/152693.cloudwaysapps.com/dmfstpkqcy/public_html/vendor/laravel/framework/src/Illuminate/Pipeline/Pipeline.php(163): Illuminate\\Foundation\\Http\\Middleware\\TransformsRequest->handle(Object(Illuminate\\Http\\Request), Object(Closure))
#46 /mnt/BLOCKSTORAGE/home/152693.cloudwaysapps.com/dmfstpkqcy/public_html/vendor/laravel/framework/src/Illuminate/Routing/Pipeline.php(53): Illuminate\\Pipeline\\Pipeline->Illuminate\\Pipeline\\{closure}(Object(Illuminate\\Http\\Request))
#47 /mnt/BLOCKSTORAGE/home/152693.cloudwaysapps.com/dmfstpkqcy/public_html/vendor/laravel/framework/src/Illuminate/Foundation/Http/Middleware/TransformsRequest.php(31): Illuminate\\Routing\\Pipeline->Illuminate\\Routing\\{closure}(Object(Illuminate\\Http\\Request))
#48 /mnt/BLOCKSTORAGE/home/152693.cloudwaysapps.com/dmfstpkqcy/public_html/vendor/laravel/framework/src/Illuminate/Pipeline/Pipeline.php(163): Illuminate\\Foundation\\Http\\Middleware\\TransformsRequest->handle(Object(Illuminate\\Http\\Request), Object(Closure))
#49 /mnt/BLOCKSTORAGE/home/152693.cloudwaysapps.com/dmfstpkqcy/public_html/vendor/laravel/framework/src/Illuminate/Routing/Pipeline.php(53): Illuminate\\Pipeline\\Pipeline->Illuminate\\Pipeline\\{closure}(Object(Illuminate\\Http\\Request))
#50 /mnt/BLOCKSTORAGE/home/152693.cloudwaysapps.com/dmfstpkqcy/public_html/vendor/laravel/framework/src/Illuminate/Foundation/Http/Middleware/ValidatePostSize.php(27): Illuminate\\Routing\\Pipeline->Illuminate\\Routing\\{closure}(Object(Illuminate\\Http\\Request))
#51 /mnt/BLOCKSTORAGE/home/152693.cloudwaysapps.com/dmfstpkqcy/public_html/vendor/laravel/framework/src/Illuminate/Pipeline/Pipeline.php(163): Illuminate\\Foundation\\Http\\Middleware\\ValidatePostSize->handle(Object(Illuminate\\Http\\Request), Object(Closure))
#52 /mnt/BLOCKSTORAGE/home/152693.cloudwaysapps.com/dmfstpkqcy/public_html/vendor/laravel/framework/src/Illuminate/Routing/Pipeline.php(53): Illuminate\\Pipeline\\Pipeline->Illuminate\\Pipeline\\{closure}(Object(Illuminate\\Http\\Request))
#53 /mnt/BLOCKSTORAGE/home/152693.cloudwaysapps.com/dmfstpkqcy/public_html/vendor/laravel/framework/src/Illuminate/Foundation/Http/Middleware/CheckForMaintenanceMode.php(62): Illuminate\\Routing\\Pipeline->Illuminate\\Routing\\{closure}(Object(Illuminate\\Http\\Request))
#54 /mnt/BLOCKSTORAGE/home/152693.cloudwaysapps.com/dmfstpkqcy/public_html/vendor/laravel/framework/src/Illuminate/Pipeline/Pipeline.php(163): Illuminate\\Foundation\\Http\\Middleware\\CheckForMaintenanceMode->handle(Object(Illuminate\\Http\\Request), Object(Closure))
#55 /mnt/BLOCKSTORAGE/home/152693.cloudwaysapps.com/dmfstpkqcy/public_html/vendor/laravel/framework/src/Illuminate/Routing/Pipeline.php(53): Illuminate\\Pipeline\\Pipeline->Illuminate\\Pipeline\\{closure}(Object(Illuminate\\Http\\Request))
#56 /mnt/BLOCKSTORAGE/home/152693.cloudwaysapps.com/dmfstpkqcy/public_html/vendor/laravel/framework/src/Illuminate/Pipeline/Pipeline.php(104): Illuminate\\Routing\\Pipeline->Illuminate\\Routing\\{closure}(Object(Illuminate\\Http\\Request))
#57 /mnt/BLOCKSTORAGE/home/152693.cloudwaysapps.com/dmfstpkqcy/public_html/vendor/laravel/framework/src/Illuminate/Foundation/Http/Kernel.php(151): Illuminate\\Pipeline\\Pipeline->then(Object(Closure))
#58 /mnt/BLOCKSTORAGE/home/152693.cloudwaysapps.com/dmfstpkqcy/public_html/vendor/laravel/framework/src/Illuminate/Foundation/Http/Kernel.php(116): Illuminate\\Foundation\\Http\\Kernel->sendRequestThroughRouter(Object(Illuminate\\Http\\Request))
#59 /mnt/BLOCKSTORAGE/home/152693.cloudwaysapps.com/dmfstpkqcy/public_html/public/index.php(55): Illuminate\\Foundation\\Http\\Kernel->handle(Object(Illuminate\\Http\\Request))
#60 /mnt/BLOCKSTORAGE/home/152693.cloudwaysapps.com/dmfstpkqcy/public_html/index.php(21): require_once('/mnt/BLOCKSTORA...')
#61 {main}
"} 
