[2022-03-18 10:43:58] local.ERROR: Expected response code 250 but got code "421", with message "421 0fd1b060-1ea8-4d76-a556-28958486a886 Error: 421 Error: Not enough credit.
" {"userId":30,"email":"alison@gmail.com","exception":"[object] (Swift_TransportException(code: 421): Expected response code 250 but got code \"421\", with message \"421 0fd1b060-1ea8-4d76-a556-28958486a886 Error: 421 Error: Not enough credit.
\" at /mnt/BLOCKSTORAGE/home/152693.cloudwaysapps.com/dmfstpkqcy/public_html/vendor/swiftmailer/swiftmailer/lib/classes/Swift/Transport/AbstractSmtpTransport.php:457)
[stacktrace]
#0 /mnt/BLOCKSTORAGE/home/152693.cloudwaysapps.com/dmfstpkqcy/public_html/vendor/swiftmailer/swiftmailer/lib/classes/Swift/Transport/AbstractSmtpTransport.php(341): Swift_Transport_AbstractSmtpTransport->assertResponseCode('421 0fd1b060-1e...', Array)
#1 /mnt/BLOCKSTORAGE/home/152693.cloudwaysapps.com/dmfstpkqcy/public_html/vendor/swiftmailer/swiftmailer/lib/classes/Swift/Transport/EsmtpTransport.php(305): Swift_Transport_AbstractSmtpTransport->executeCommand('\\
.\\
', Array, Array, false, NULL)
#2 /mnt/BLOCKSTORAGE/home/152693.cloudwaysapps.com/dmfstpkqcy/public_html/vendor/swiftmailer/swiftmailer/lib/classes/Swift/Transport/AbstractSmtpTransport.php(404): Swift_Transport_EsmtpTransport->executeCommand('\\
.\\
', Array)
#3 /mnt/BLOCKSTORAGE/home/152693.cloudwaysapps.com/dmfstpkqcy/public_html/vendor/swiftmailer/swiftmailer/lib/classes/Swift/Transport/AbstractSmtpTransport.php(500): Swift_Transport_AbstractSmtpTransport->streamMessage(Object(Swift_Message))
#4 /mnt/BLOCKSTORAGE/home/152693.cloudwaysapps.com/dmfstpkqcy/public_html/vendor/swiftmailer/swiftmailer/lib/classes/Swift/Transport/AbstractSmtpTransport.php(516): Swift_Transport_AbstractSmtpTransport->doMailTransaction(Object(Swift_Message), 'coworking@gmail...', Array, Array)
#5 /mnt/BLOCKSTORAGE/home/152693.cloudwaysapps.com/dmfstpkqcy/public_html/vendor/swiftmailer/swiftmailer/lib/classes/Swift/Transport/AbstractSmtpTransport.php(206): Swift_Transport_AbstractSmtpTransport->sendTo(Object(Swift_Message), 'coworking@gmail...', Array, Array)
#6 /mnt/BLOCKSTORAGE/home/152693.cloudwaysapps.com/dmfstpkqcy/public_html/vendor/swiftmailer/swiftmailer/lib/classes/Swift/Mailer.php(71): Swift_Transport_AbstractSmtpTransport->send(Object(Swift_Message), Array)
#7 /mnt/BLOCKSTORAGE/home/152693.cloudwaysapps.com/dmfstpkqcy/public_html/vendor/laravel/framework/src/Illuminate/Mail/Mailer.php(483): Swift_Mailer->send(Object(Swift_Message), Array)
#8 /mnt/BLOCKSTORAGE/home/152693.cloudwaysapps.com/dmfstpkqcy/public_html/vendor/laravel/framework/src/Illuminate/Mail/Mailer.php(259): Illuminate\\Mail\\Mailer->sendSwiftMessage(Object(Swift_Message))
#9 /mnt/BLOCKSTORAGE/home/152693.cloudwaysapps.com/dmfstpkqcy/public_html/vendor/laravel/framework/src/Illuminate/Notifications/Channels/MailChannel.php(65): Illuminate\\Mail\\Mailer->send(Object(Illuminate\\Support\\HtmlString), Array, Object(Closure))
#10 /mnt/BLOCKSTORAGE/home/152693.cloudwaysapps.com/dmfstpkqcy/public_html/vendor/laravel/framework/src/Illuminate/Notifications/NotificationSender.php(144): Illuminate\\Notifications\\Channels\\MailChannel->send(Object(App\\User), Object(App\\Notifications\\WL_EmailNotification))
#11 /mnt/BLOCKSTORAGE/home/152693.cloudwaysapps.com/dmfstpkqcy/public_html/vendor/laravel/framework/src/Illuminate/Notifications/NotificationSender.php(103): Illuminate\\Notifications\\NotificationSender->sendToNotifiable(Object(App\\User), '53dbbbc2-3cd2-4...', Object(App\\Notifications\\WL_EmailNotification), 'mail')
#12 /mnt/BLOCKSTORAGE/home/152693.cloudwaysapps.com/dmfstpkqcy/public_html/vendor/laravel/framework/src/Illuminate/Support/Traits/Localizable.php(19): Illuminate\\Notifications\\NotificationSender->Illuminate\\Notifications\\{closure}()
#13 /mnt/BLOCKSTORAGE/home/152693.cloudwaysapps.com/dmfstpkqcy/public_html/vendor/laravel/framework/src/Illuminate/Notifications/NotificationSender.php(105): Illuminate\\Notifications\\NotificationSender->withLocale(NULL, Object(Closure))
#14 /mnt/BLOCKSTORAGE/home/152693.cloudwaysapps.com/dmfstpkqcy/public_html/vendor/laravel/framework/src/Illuminate/Notifications/NotificationSender.php(77): Illuminate\\Notifications\\NotificationSender->sendNow(Object(Illuminate\\Database\\Eloquent\\Collection), Object(App\\Notifications\\WL_EmailNotification))
#15 /mnt/BLOCKSTORAGE/home/152693.cloudwaysapps.com/dmfstpkqcy/public_html/vendor/laravel/framework/src/Illuminate/Notifications/ChannelManager.php(39): Illuminate\\Notifications\\NotificationSender->send(Object(Illuminate\\Database\\Eloquent\\Collection), Object(App\\Notifications\\WL_EmailNotification))
#16 /mnt/BLOCKSTORAGE/home/152693.cloudwaysapps.com/dmfstpkqcy/public_html/vendor/laravel/framework/src/Illuminate/Support/Facades/Facade.php(237): Illuminate\\Notifications\\ChannelManager->send(Object(Illuminate\\Database\\Eloquent\\Collection), Object(App\\Notifications\\WL_EmailNotification))
#17 /mnt/BLOCKSTORAGE/home/152693.cloudwaysapps.com/dmfstpkqcy/public_html/app/Http/Controllers/EnquireController.php(576): Illuminate\\Support\\Facades\\Facade::__callStatic('send', Array)
#18 [internal function]: App\\Http\\Controllers\\EnquireController->enquireOtp(Object(Illuminate\\Http\\Request), 'property-2')
#19 /mnt/BLOCKSTORAGE/home/152693.cloudwaysapps.com/dmfstpkqcy/public_html/vendor/laravel/framework/src/Illuminate/Routing/Controller.php(54): call_user_func_array(Array, Array)
#20 /mnt/BLOCKSTORAGE/home/152693.cloudwaysapps.com/dmfstpkqcy/public_html/vendor/laravel/framework/src/Illuminate/Routing/ControllerDispatcher.php(45): Illuminate\\Routing\\Controller->callAction('enquireOtp', Array)
#21 /mnt/BLOCKSTORAGE/home/152693.cloudwaysapps.com/dmfstpkqcy/public_html/vendor/laravel/framework/src/Illuminate/Routing/Route.php(219): Illuminate\\Routing\\ControllerDispatcher->dispatch(Object(Illuminate\\Routing\\Route), Object(App\\Http\\Controllers\\EnquireController), 'enquireOtp')
#22 /mnt/BLOCKSTORAGE/home/152693.cloudwaysapps.com/dmfstpkqcy/public_html/vendor/laravel/framework/src/Illuminate/Routing/Route.php(176): Illuminate\\Routing\\Route->runController()
#23 /mnt/BLOCKSTORAGE/home/152693.cloudwaysapps.com/dmfstpkqcy/public_html/vendor/laravel/framework/src/Illuminate/Routing/Router.php(682): Illuminate\\Routing\\Route->run()
#24 /mnt/BLOCKSTORAGE/home/152693.cloudwaysapps.com/dmfstpkqcy/public_html/vendor/laravel/framework/src/Illuminate/Routing/Pipeline.php(30): Illuminate\\Routing\\Router->Illuminate\\Routing\\{closure}(Object(Illuminate\\Http\\Request))
#25 /mnt/BLOCKSTORAGE/home/152693.cloudwaysapps.com/dmfstpkqcy/public_html/app/Http/Middleware/Install.php(21): Illuminate\\Routing\\Pipeline->Illuminate\\Routing\\{closure}(Object(Illuminate\\Http\\Request))
#26 /mnt/BLOCKSTORAGE/home/152693.cloudwaysapps.com/dmfstpkqcy/public_html/vendor/laravel/framework/src/Illuminate/Pipeline/Pipeline.php(163): App\\Http\\Middleware\\Install->handle(Object(Illuminate\\Http\\Request), Object(Closure))
#27 /mnt/BLOCKSTORAGE/home/152693.cloudwaysapps.com/dmfstpkqcy/public_html/vendor/laravel/framework/src/Illuminate/Routing/Pipeline.php(53): Illuminate\\Pipeline\\Pipeline->Illuminate\\Pipeline\\{closure}(Object(Illuminate\\Http\\Request))
#28 /mnt/BLOCKSTORAGE/home/152693.cloudwaysapps.com/dmfstpkqcy/public_html/vendor/laravel/framework/src/Illuminate/Routing/Middleware/SubstituteBindings.php(41): Illuminate\\Routing\\Pipeline->Illuminate\\Routing\\{closure}(Object(Illuminate\\Http\\Request))
#29 /mnt/BLOCKSTORAGE/home/152693.cloudwaysapps.com/dmfstpkqcy/public_html/vendor/laravel/framework/src/Illuminate/Pipeline/Pipeline.php(163): Illuminate\\Routing\\Middleware\\SubstituteBindings->handle(Object(Illuminate\\Http\\Request), Object(Closure))
#30 /mnt/BLOCKSTORAGE/home/152693.cloudwaysapps.com/dmfstpkqcy/public_html/vendor/laravel/framework/src/Illuminate/Routing/Pipeline.php(53): Illuminate\\Pipeline\\Pipeline->Illuminate\\Pipeline\\{closure}(Object(Illuminate\\Http\\Request))
#31 /mnt/BLOCKSTORAGE/home/152693.cloudwaysapps.com/dmfstpkqcy/public_html/vendor/laravel/framework/src/Illuminate/Auth/Middleware/Authenticate.php(43): Illuminate\\Routing\\Pipeline->Illuminate\\Routing\\{closure}(Object(Illuminate\\Http\\Request))
#32 /mnt/BLOCKSTORAGE/home/152693.cloudwaysapps.com/dmfstpkqcy/public_html/vendor/laravel/framework/src/Illuminate/Pipeline/Pipeline.php(163): Illuminate\\Auth\\Middleware\\Authenticate->handle(Object(Illuminate\\Http\\Request), Object(Closure))
#33 /mnt/BLOCKSTORAGE/home/152693.cloudwaysapps.com/dmfstpkqcy/public_html/vendor/laravel/framework/src/Illuminate/Routing/Pipeline.php(53): Illuminate\\Pipeline\\Pipeline->Illuminate\\Pipeline\\{closure}(Object(Illuminate\\Http\\Request))
#34 /mnt/BLOCKSTORAGE/home/152693.cloudwaysapps.com/dmfstpkqcy/public_html/vendor/laravel/framework/src/Illuminate/Foundation/Http/Middleware/VerifyCsrfToken.php(75): Illuminate\\Routing\\Pipeline->Illuminate\\Routing\\{closure}(Object(Illuminate\\Http\\Request))
#35 /mnt/BLOCKSTORAGE/home/152693.cloudwaysapps.com/dmfstpkqcy/public_html/vendor/laravel/framework/src/Illuminate/Pipeline/Pipeline.php(163): Illuminate\\Foundation\\Http\\Middleware\\VerifyCsrfToken->handle(Object(Illuminate\\Http\\Request), Object(Closure))
#36 /mnt/BLOCKSTORAGE/home/152693.cloudwaysapps.com/dmfstpkqcy/public_html/vendor/laravel/framework/src/Illuminate/Routing/Pipeline.php(53): Illuminate\\Pipeline\\Pipeline->Illuminate\\Pipeline\\{closure}(Object(Illuminate\\Http\\Request))
#37 /mnt/BLOCKSTORAGE/home/152693.cloudwaysapps.com/dmfstpkqcy/public_html/vendor/laravel/framework/src/Illuminate/View/Middleware/ShareErrorsFromSession.php(49): Illuminate\\Routing\\Pipeline->Illuminate\\Routing\\{closure}(Object(Illuminate\\Http\\Request))
#38 /mnt/BLOCKSTORAGE/home/152693.cloudwaysapps.com/dmfstpkqcy/public_html/vendor/laravel/framework/src/Illuminate/Pipeline/Pipeline.php(163): Illuminate\\View\\Middleware\\ShareErrorsFromSession->handle(Object(Illuminate\\Http\\Request), Object(Closure))
#39 /mnt/BLOCKSTORAGE/home/152693.cloudwaysapps.com/dmfstpkqcy/public_html/vendor/laravel/framework/src/Illuminate/Routing/Pipeline.php(53): Illuminate\\Pipeline\\Pipeline->Illuminate\\Pipeline\\{closure}(Object(Illuminate\\Http\\Request))
#40 /mnt/BLOCKSTORAGE/home/152693.cloudwaysapps.com/dmfstpkqcy/public_html/vendor/laravel/framework/src/Illuminate/Session/Middleware/StartSession.php(63): Illuminate\\Routing\\Pipeline->Illuminate\\Routing\\{closure}(Object(Illuminate\\Http\\Request))
#41 /mnt/BLOCKSTORAGE/home/152693.cloudwaysapps.com/dmfstpkqcy/public_html/vendor/laravel/framework/src/Illuminate/Pipeline/Pipeline.php(163): Illuminate\\Session\\Middleware\\StartSession->handle(Object(Illuminate\\Http\\Request), Object(Closure))
#42 /mnt/BLOCKSTORAGE/home/152693.cloudwaysapps.com/dmfstpkqcy/public_html/vendor/laravel/framework/src/Illuminate/Routing/Pipeline.php(53): Illuminate\\Pipeline\\Pipeline->Illuminate\\Pipeline\\{closure}(Object(Illuminate\\Http\\Request))
#43 /mnt/BLOCKSTORAGE/home/152693.cloudwaysapps.com/dmfstpkqcy/public_html/vendor/laravel/framework/src/Illuminate/Cookie/Middleware/AddQueuedCookiesToResponse.php(37): Illuminate\\Routing\\Pipeline->Illuminate\\Routing\\{closure}(Object(Illuminate\\Http\\Request))
#44 /mnt/BLOCKSTORAGE/home/152693.cloudwaysapps.com/dmfstpkqcy/public_html/vendor/laravel/framework/src/Illuminate/Pipeline/Pipeline.php(163): Illuminate\\Cookie\\Middleware\\AddQueuedCookiesToResponse->handle(Object(Illuminate\\Http\\Request), Object(Closure))
#45 /mnt/BLOCKSTORAGE/home/152693.cloudwaysapps.com/dmfstpkqcy/public_html/vendor/laravel/framework/src/Illuminate/Routing/Pipeline.php(53): Illuminate\\Pipeline\\Pipeline->Illuminate\\Pipeline\\{closure}(Object(Illuminate\\Http\\Request))
#46 /mnt/BLOCKSTORAGE/home/152693.cloudwaysapps.com/dmfstpkqcy/public_html/vendor/laravel/framework/src/Illuminate/Cookie/Middleware/EncryptCookies.php(66): Illuminate\\Routing\\Pipeline->Illuminate\\Routing\\{closure}(Object(Illuminate\\Http\\Request))
#47 /mnt/BLOCKSTORAGE/home/152693.cloudwaysapps.com/dmfstpkqcy/public_html/vendor/laravel/framework/src/Illuminate/Pipeline/Pipeline.php(163): Illuminate\\Cookie\\Middleware\\EncryptCookies->handle(Object(Illuminate\\Http\\Request), Object(Closure))
#48 /mnt/BLOCKSTORAGE/home/152693.cloudwaysapps.com/dmfstpkqcy/public_html/vendor/laravel/framework/src/Illuminate/Routing/Pipeline.php(53): Illuminate\\Pipeline\\Pipeline->Illuminate\\Pipeline\\{closure}(Object(Illuminate\\Http\\Request))
#49 /mnt/BLOCKSTORAGE/home/152693.cloudwaysapps.com/dmfstpkqcy/public_html/vendor/laravel/framework/src/Illuminate/Pipeline/Pipeline.php(104): Illuminate\\Routing\\Pipeline->Illuminate\\Routing\\{closure}(Object(Illuminate\\Http\\Request))
#50 /mnt/BLOCKSTORAGE/home/152693.cloudwaysapps.com/dmfstpkqcy/public_html/vendor/laravel/framework/src/Illuminate/Routing/Router.php(684): Illuminate\\Pipeline\\Pipeline->then(Object(Closure))
#51 /mnt/BLOCKSTORAGE/home/152693.cloudwaysapps.com/dmfstpkqcy/public_html/vendor/laravel/framework/src/Illuminate/Routing/Router.php(659): Illuminate\\Routing\\Router->runRouteWithinStack(Object(Illuminate\\Routing\\Route), Object(Illuminate\\Http\\Request))
#52 /mnt/BLOCKSTORAGE/home/152693.cloudwaysapps.com/dmfstpkqcy/public_html/vendor/laravel/framework/src/Illuminate/Routing/Router.php(625): Illuminate\\Routing\\Router->runRoute(Object(Illuminate\\Http\\Request), Object(Illuminate\\Routing\\Route))
#53 /mnt/BLOCKSTORAGE/home/152693.cloudwaysapps.com/dmfstpkqcy/public_html/vendor/laravel/framework/src/Illuminate/Routing/Router.php(614): Illuminate\\Routing\\Router->dispatchToRoute(Object(Illuminate\\Http\\Request))
#54 /mnt/BLOCKSTORAGE/home/152693.cloudwaysapps.com/dmfstpkqcy/public_html/vendor/laravel/framework/src/Illuminate/Foundation/Http/Kernel.php(176): Illuminate\\Routing\\Router->dispatch(Object(Illuminate\\Http\\Request))
#55 /mnt/BLOCKSTORAGE/home/152693.cloudwaysapps.com/dmfstpkqcy/public_html/vendor/laravel/framework/src/Illuminate/Routing/Pipeline.php(30): Illuminate\\Foundation\\Http\\Kernel->Illuminate\\Foundation\\Http\\{closure}(Object(Illuminate\\Http\\Request))
#56 /mnt/BLOCKSTORAGE/home/152693.cloudwaysapps.com/dmfstpkqcy/public_html/vendor/barryvdh/laravel-debugbar/src/Middleware/InjectDebugbar.php(58): Illuminate\\Routing\\Pipeline->Illuminate\\Routing\\{closure}(Object(Illuminate\\Http\\Request))
#57 /mnt/BLOCKSTORAGE/home/152693.cloudwaysapps.com/dmfstpkqcy/public_html/vendor/laravel/framework/src/Illuminate/Pipeline/Pipeline.php(163): Barryvdh\\Debugbar\\Middleware\\InjectDebugbar->handle(Object(Illuminate\\Http\\Request), Object(Closure))
#58 /mnt/BLOCKSTORAGE/home/152693.cloudwaysapps.com/dmfstpkqcy/public_html/vendor/laravel/framework/src/Illuminate/Routing/Pipeline.php(53): Illuminate\\Pipeline\\Pipeline->Illuminate\\Pipeline\\{closure}(Object(Illuminate\\Http\\Request))
#59 /mnt/BLOCKSTORAGE/home/152693.cloudwaysapps.com/dmfstpkqcy/public_html/vendor/fideloper/proxy/src/TrustProxies.php(57): Illuminate\\Routing\\Pipeline->Illuminate\\Routing\\{closure}(Object(Illuminate\\Http\\Request))
#60 /mnt/BLOCKSTORAGE/home/152693.cloudwaysapps.com/dmfstpkqcy/public_html/vendor/laravel/framework/src/Illuminate/Pipeline/Pipeline.php(163): Fideloper\\Proxy\\TrustProxies->handle(Object(Illuminate\\Http\\Request), Object(Closure))
#61 /mnt/BLOCKSTORAGE/home/152693.cloudwaysapps.com/dmfstpkqcy/public_html/vendor/laravel/framework/src/Illuminate/Routing/Pipeline.php(53): Illuminate\\Pipeline\\Pipeline->Illuminate\\Pipeline\\{closure}(Object(Illuminate\\Http\\Request))
#62 /mnt/BLOCKSTORAGE/home/152693.cloudwaysapps.com/dmfstpkqcy/public_html/vendor/laravel/framework/src/Illuminate/Foundation/Http/Middleware/TransformsRequest.php(31): Illuminate\\Routing\\Pipeline->Illuminate\\Routing\\{closure}(Object(Illuminate\\Http\\Request))
#63 /mnt/BLOCKSTORAGE/home/152693.cloudwaysapps.com/dmfstpkqcy/public_html/vendor/laravel/framework/src/Illuminate/Pipeline/Pipeline.php(163): Illuminate\\Foundation\\Http\\Middleware\\TransformsRequest->handle(Object(Illuminate\\Http\\Request), Object(Closure))
#64 /mnt/BLOCKSTORAGE/home/152693.cloudwaysapps.com/dmfstpkqcy/public_html/vendor/laravel/framework/src/Illuminate/Routing/Pipeline.php(53): Illuminate\\Pipeline\\Pipeline->Illuminate\\Pipeline\\{closure}(Object(Illuminate\\Http\\Request))
#65 /mnt/BLOCKSTORAGE/home/152693.cloudwaysapps.com/dmfstpkqcy/public_html/vendor/laravel/framework/src/Illuminate/Foundation/Http/Middleware/TransformsRequest.php(31): Illuminate\\Routing\\Pipeline->Illuminate\\Routing\\{closure}(Object(Illuminate\\Http\\Request))
#66 /mnt/BLOCKSTORAGE/home/152693.cloudwaysapps.com/dmfstpkqcy/public_html/vendor/laravel/framework/src/Illuminate/Pipeline/Pipeline.php(163): Illuminate\\Foundation\\Http\\Middleware\\TransformsRequest->handle(Object(Illuminate\\Http\\Request), Object(Closure))
#67 /mnt/BLOCKSTORAGE/home/152693.cloudwaysapps.com/dmfstpkqcy/public_html/vendor/laravel/framework/src/Illuminate/Routing/Pipeline.php(53): Illuminate\\Pipeline\\Pipeline->Illuminate\\Pipeline\\{closure}(Object(Illuminate\\Http\\Request))
#68 /mnt/BLOCKSTORAGE/home/152693.cloudwaysapps.com/dmfstpkqcy/public_html/vendor/laravel/framework/src/Illuminate/Foundation/Http/Middleware/ValidatePostSize.php(27): Illuminate\\Routing\\Pipeline->Illuminate\\Routing\\{closure}(Object(Illuminate\\Http\\Request))
#69 /mnt/BLOCKSTORAGE/home/152693.cloudwaysapps.com/dmfstpkqcy/public_html/vendor/laravel/framework/src/Illuminate/Pipeline/Pipeline.php(163): Illuminate\\Foundation\\Http\\Middleware\\ValidatePostSize->handle(Object(Illuminate\\Http\\Request), Object(Closure))
#70 /mnt/BLOCKSTORAGE/home/152693.cloudwaysapps.com/dmfstpkqcy/public_html/vendor/laravel/framework/src/Illuminate/Routing/Pipeline.php(53): Illuminate\\Pipeline\\Pipeline->Illuminate\\Pipeline\\{closure}(Object(Illuminate\\Http\\Request))
#71 /mnt/BLOCKSTORAGE/home/152693.cloudwaysapps.com/dmfstpkqcy/public_html/vendor/laravel/framework/src/Illuminate/Foundation/Http/Middleware/CheckForMaintenanceMode.php(62): Illuminate\\Routing\\Pipeline->Illuminate\\Routing\\{closure}(Object(Illuminate\\Http\\Request))
#72 /mnt/BLOCKSTORAGE/home/152693.cloudwaysapps.com/dmfstpkqcy/public_html/vendor/laravel/framework/src/Illuminate/Pipeline/Pipeline.php(163): Illuminate\\Foundation\\Http\\Middleware\\CheckForMaintenanceMode->handle(Object(Illuminate\\Http\\Request), Object(Closure))
#73 /mnt/BLOCKSTORAGE/home/152693.cloudwaysapps.com/dmfstpkqcy/public_html/vendor/laravel/framework/src/Illuminate/Routing/Pipeline.php(53): Illuminate\\Pipeline\\Pipeline->Illuminate\\Pipeline\\{closure}(Object(Illuminate\\Http\\Request))
#74 /mnt/BLOCKSTORAGE/home/152693.cloudwaysapps.com/dmfstpkqcy/public_html/vendor/laravel/framework/src/Illuminate/Pipeline/Pipeline.php(104): Illuminate\\Routing\\Pipeline->Illuminate\\Routing\\{closure}(Object(Illuminate\\Http\\Request))
#75 /mnt/BLOCKSTORAGE/home/152693.cloudwaysapps.com/dmfstpkqcy/public_html/vendor/laravel/framework/src/Illuminate/Foundation/Http/Kernel.php(151): Illuminate\\Pipeline\\Pipeline->then(Object(Closure))
#76 /mnt/BLOCKSTORAGE/home/152693.cloudwaysapps.com/dmfstpkqcy/public_html/vendor/laravel/framework/src/Illuminate/Foundation/Http/Kernel.php(116): Illuminate\\Foundation\\Http\\Kernel->sendRequestThroughRouter(Object(Illuminate\\Http\\Request))
#77 /mnt/BLOCKSTORAGE/home/152693.cloudwaysapps.com/dmfstpkqcy/public_html/public/index.php(55): Illuminate\\Foundation\\Http\\Kernel->handle(Object(Illuminate\\Http\\Request))
#78 /mnt/BLOCKSTORAGE/home/152693.cloudwaysapps.com/dmfstpkqcy/public_html/index.php(21): require_once('/mnt/BLOCKSTORA...')
#79 {main}
"} 
