[2022-02-06 04:33:05] local.ERROR: Route [register_sss] not defined. (View: /mnt/BLOCKSTORAGE/home/152693.cloudwaysapps.com/dmfstpkqcy/public_html/resources/views/auth/register.blade.php) {"exception":"[object] (ErrorException(code: 0): Route [register_sss] not defined. (View: /mnt/BLOCKSTORAGE/home/152693.cloudwaysapps.com/dmfstpkqcy/public_html/resources/views/auth/register.blade.php) at /mnt/BLOCKSTORAGE/home/152693.cloudwaysapps.com/dmfstpkqcy/public_html/vendor/laravel/framework/src/Illuminate/Routing/UrlGenerator.php:389, InvalidArgumentException(code: 0): Route [register_sss] not defined. at /mnt/BLOCKSTORAGE/home/152693.cloudwaysapps.com/dmfstpkqcy/public_html/vendor/laravel/framework/src/Illuminate/Routing/UrlGenerator.php:389)
[stacktrace]
#0 /mnt/BLOCKSTORAGE/home/152693.cloudwaysapps.com/dmfstpkqcy/public_html/vendor/laravel/framework/src/Illuminate/View/Engines/PhpEngine.php(45): Illuminate\\View\\Engines\\CompilerEngine->handleViewException(Object(InvalidArgumentException), 1)
#1 /mnt/BLOCKSTORAGE/home/152693.cloudwaysapps.com/dmfstpkqcy/public_html/vendor/laravel/framework/src/Illuminate/View/Engines/CompilerEngine.php(59): Illuminate\\View\\Engines\\PhpEngine->evaluatePath('/mnt/BLOCKSTORA...', Array)
#2 /mnt/BLOCKSTORAGE/home/152693.cloudwaysapps.com/dmfstpkqcy/public_html/vendor/laravel/framework/src/Illuminate/View/View.php(142): Illuminate\\View\\Engines\\CompilerEngine->get('/mnt/BLOCKSTORA...', Array)
#3 /mnt/BLOCKSTORAGE/home/152693.cloudwaysapps.com/dmfstpkqcy/public_html/vendor/laravel/framework/src/Illuminate/View/View.php(125): Illuminate\\View\\View->getContents()
#4 /mnt/BLOCKSTORAGE/home/152693.cloudwaysapps.com/dmfstpkqcy/public_html/vendor/laravel/framework/src/Illuminate/View/View.php(90): Illuminate\\View\\View->renderContents()
#5 /mnt/BLOCKSTORAGE/home/152693.cloudwaysapps.com/dmfstpkqcy/public_html/vendor/laravel/framework/src/Illuminate/Http/Response.php(42): Illuminate\\View\\View->render()
#6 /mnt/BLOCKSTORAGE/home/152693.cloudwaysapps.com/dmfstpkqcy/public_html/vendor/symfony/http-foundation/Response.php(205): Illuminate\\Http\\Response->setContent(Object(Illuminate\\View\\View))
#7 /mnt/BLOCKSTORAGE/home/152693.cloudwaysapps.com/dmfstpkqcy/public_html/vendor/laravel/framework/src/Illuminate/Routing/Router.php(750): Symfony\\Component\\HttpFoundation\\Response->__construct(Object(Illuminate\\View\\View))
#8 /mnt/BLOCKSTORAGE/home/152693.cloudwaysapps.com/dmfstpkqcy/public_html/vendor/laravel/framework/src/Illuminate/Routing/Router.php(722): Illuminate\\Routing\\Router::toResponse(Object(Illuminate\\Http\\Request), Object(Illuminate\\View\\View))
#9 /mnt/BLOCKSTORAGE/home/152693.cloudwaysapps.com/dmfstpkqcy/public_html/vendor/laravel/framework/src/Illuminate/Routing/Router.php(682): Illuminate\\Routing\\Router->prepareResponse(Object(Illuminate\\Http\\Request), Object(Illuminate\\View\\View))
#10 /mnt/BLOCKSTORAGE/home/152693.cloudwaysapps.com/dmfstpkqcy/public_html/vendor/laravel/framework/src/Illuminate/Routing/Pipeline.php(30): Illuminate\\Routing\\Router->Illuminate\\Routing\\{closure}(Object(Illuminate\\Http\\Request))
#11 /mnt/BLOCKSTORAGE/home/152693.cloudwaysapps.com/dmfstpkqcy/public_html/app/Http/Middleware/RedirectIfAuthenticated.php(25): Illuminate\\Routing\\Pipeline->Illuminate\\Routing\\{closure}(Object(Illuminate\\Http\\Request))
#12 /mnt/BLOCKSTORAGE/home/152693.cloudwaysapps.com/dmfstpkqcy/public_html/vendor/laravel/framework/src/Illuminate/Pipeline/Pipeline.php(163): App\\Http\\Middleware\\RedirectIfAuthenticated->handle(Object(Illuminate\\Http\\Request), Object(Closure))
#13 /mnt/BLOCKSTORAGE/home/152693.cloudwaysapps.com/dmfstpkqcy/public_html/vendor/laravel/framework/src/Illuminate/Routing/Pipeline.php(53): Illuminate\\Pipeline\\Pipeline->Illuminate\\Pipeline\\{closure}(Object(Illuminate\\Http\\Request))
#14 /mnt/BLOCKSTORAGE/home/152693.cloudwaysapps.com/dmfstpkqcy/public_html/app/Http/Middleware/Install.php(21): Illuminate\\Routing\\Pipeline->Illuminate\\Routing\\{closure}(Object(Illuminate\\Http\\Request))
#15 /mnt/BLOCKSTORAGE/home/152693.cloudwaysapps.com/dmfstpkqcy/public_html/vendor/laravel/framework/src/Illuminate/Pipeline/Pipeline.php(163): App\\Http\\Middleware\\Install->handle(Object(Illuminate\\Http\\Request), Object(Closure))
#16 /mnt/BLOCKSTORAGE/home/152693.cloudwaysapps.com/dmfstpkqcy/public_html/vendor/laravel/framework/src/Illuminate/Routing/Pipeline.php(53): Illuminate\\Pipeline\\Pipeline->Illuminate\\Pipeline\\{closure}(Object(Illuminate\\Http\\Request))
#17 /mnt/BLOCKSTORAGE/home/152693.cloudwaysapps.com/dmfstpkqcy/public_html/vendor/laravel/framework/src/Illuminate/Routing/Middleware/SubstituteBindings.php(41): Illuminate\\Routing\\Pipeline->Illuminate\\Routing\\{closure}(Object(Illuminate\\Http\\Request))
#18 /mnt/BLOCKSTORAGE/home/152693.cloudwaysapps.com/dmfstpkqcy/public_html/vendor/laravel/framework/src/Illuminate/Pipeline/Pipeline.php(163): Illuminate\\Routing\\Middleware\\SubstituteBindings->handle(Object(Illuminate\\Http\\Request), Object(Closure))
#19 /mnt/BLOCKSTORAGE/home/152693.cloudwaysapps.com/dmfstpkqcy/public_html/vendor/laravel/framework/src/Illuminate/Routing/Pipeline.php(53): Illuminate\\Pipeline\\Pipeline->Illuminate\\Pipeline\\{closure}(Object(Illuminate\\Http\\Request))
#20 /mnt/BLOCKSTORAGE/home/152693.cloudwaysapps.com/dmfstpkqcy/public_html/vendor/laravel/framework/src/Illuminate/Foundation/Http/Middleware/VerifyCsrfToken.php(75): Illuminate\\Routing\\Pipeline->Illuminate\\Routing\\{closure}(Object(Illuminate\\Http\\Request))
#21 /mnt/BLOCKSTORAGE/home/152693.cloudwaysapps.com/dmfstpkqcy/public_html/vendor/laravel/framework/src/Illuminate/Pipeline/Pipeline.php(163): Illuminate\\Foundation\\Http\\Middleware\\VerifyCsrfToken->handle(Object(Illuminate\\Http\\Request), Object(Closure))
#22 /mnt/BLOCKSTORAGE/home/152693.cloudwaysapps.com/dmfstpkqcy/public_html/vendor/laravel/framework/src/Illuminate/Routing/Pipeline.php(53): Illuminate\\Pipeline\\Pipeline->Illuminate\\Pipeline\\{closure}(Object(Illuminate\\Http\\Request))
#23 /mnt/BLOCKSTORAGE/home/152693.cloudwaysapps.com/dmfstpkqcy/public_html/vendor/laravel/framework/src/Illuminate/View/Middleware/ShareErrorsFromSession.php(49): Illuminate\\Routing\\Pipeline->Illuminate\\Routing\\{closure}(Object(Illuminate\\Http\\Request))
#24 /mnt/BLOCKSTORAGE/home/152693.cloudwaysapps.com/dmfstpkqcy/public_html/vendor/laravel/framework/src/Illuminate/Pipeline/Pipeline.php(163): Illuminate\\View\\Middleware\\ShareErrorsFromSession->handle(Object(Illuminate\\Http\\Request), Object(Closure))
#25 /mnt/BLOCKSTORAGE/home/152693.cloudwaysapps.com/dmfstpkqcy/public_html/vendor/laravel/framework/src/Illuminate/Routing/Pipeline.php(53): Illuminate\\Pipeline\\Pipeline->Illuminate\\Pipeline\\{closure}(Object(Illuminate\\Http\\Request))
#26 /mnt/BLOCKSTORAGE/home/152693.cloudwaysapps.com/dmfstpkqcy/public_html/vendor/laravel/framework/src/Illuminate/Session/Middleware/StartSession.php(63): Illuminate\\Routing\\Pipeline->Illuminate\\Routing\\{closure}(Object(Illuminate\\Http\\Request))
#27 /mnt/BLOCKSTORAGE/home/152693.cloudwaysapps.com/dmfstpkqcy/public_html/vendor/laravel/framework/src/Illuminate/Pipeline/Pipeline.php(163): Illuminate\\Session\\Middleware\\StartSession->handle(Object(Illuminate\\Http\\Request), Object(Closure))
#28 /mnt/BLOCKSTORAGE/home/152693.cloudwaysapps.com/dmfstpkqcy/public_html/vendor/laravel/framework/src/Illuminate/Routing/Pipeline.php(53): Illuminate\\Pipeline\\Pipeline->Illuminate\\Pipeline\\{closure}(Object(Illuminate\\Http\\Request))
#29 /mnt/BLOCKSTORAGE/home/152693.cloudwaysapps.com/dmfstpkqcy/public_html/vendor/laravel/framework/src/Illuminate/Cookie/Middleware/AddQueuedCookiesToResponse.php(37): Illuminate\\Routing\\Pipeline->Illuminate\\Routing\\{closure}(Object(Illuminate\\Http\\Request))
#30 /mnt/BLOCKSTORAGE/home/152693.cloudwaysapps.com/dmfstpkqcy/public_html/vendor/laravel/framework/src/Illuminate/Pipeline/Pipeline.php(163): Illuminate\\Cookie\\Middleware\\AddQueuedCookiesToResponse->handle(Object(Illuminate\\Http\\Request), Object(Closure))
#31 /mnt/BLOCKSTORAGE/home/152693.cloudwaysapps.com/dmfstpkqcy/public_html/vendor/laravel/framework/src/Illuminate/Routing/Pipeline.php(53): Illuminate\\Pipeline\\Pipeline->Illuminate\\Pipeline\\{closure}(Object(Illuminate\\Http\\Request))
#32 /mnt/BLOCKSTORAGE/home/152693.cloudwaysapps.com/dmfstpkqcy/public_html/vendor/laravel/framework/src/Illuminate/Cookie/Middleware/EncryptCookies.php(66): Illuminate\\Routing\\Pipeline->Illuminate\\Routing\\{closure}(Object(Illuminate\\Http\\Request))
#33 /mnt/BLOCKSTORAGE/home/152693.cloudwaysapps.com/dmfstpkqcy/public_html/vendor/laravel/framework/src/Illuminate/Pipeline/Pipeline.php(163): Illuminate\\Cookie\\Middleware\\EncryptCookies->handle(Object(Illuminate\\Http\\Request), Object(Closure))
#34 /mnt/BLOCKSTORAGE/home/152693.cloudwaysapps.com/dmfstpkqcy/public_html/vendor/laravel/framework/src/Illuminate/Routing/Pipeline.php(53): Illuminate\\Pipeline\\Pipeline->Illuminate\\Pipeline\\{closure}(Object(Illuminate\\Http\\Request))
#35 /mnt/BLOCKSTORAGE/home/152693.cloudwaysapps.com/dmfstpkqcy/public_html/vendor/laravel/framework/src/Illuminate/Pipeline/Pipeline.php(104): Illuminate\\Routing\\Pipeline->Illuminate\\Routing\\{closure}(Object(Illuminate\\Http\\Request))
#36 /mnt/BLOCKSTORAGE/home/152693.cloudwaysapps.com/dmfstpkqcy/public_html/vendor/laravel/framework/src/Illuminate/Routing/Router.php(684): Illuminate\\Pipeline\\Pipeline->then(Object(Closure))
#37 /mnt/BLOCKSTORAGE/home/152693.cloudwaysapps.com/dmfstpkqcy/public_html/vendor/laravel/framework/src/Illuminate/Routing/Router.php(659): Illuminate\\Routing\\Router->runRouteWithinStack(Object(Illuminate\\Routing\\Route), Object(Illuminate\\Http\\Request))
#38 /mnt/BLOCKSTORAGE/home/152693.cloudwaysapps.com/dmfstpkqcy/public_html/vendor/laravel/framework/src/Illuminate/Routing/Router.php(625): Illuminate\\Routing\\Router->runRoute(Object(Illuminate\\Http\\Request), Object(Illuminate\\Routing\\Route))
#39 /mnt/BLOCKSTORAGE/home/152693.cloudwaysapps.com/dmfstpkqcy/public_html/vendor/laravel/framework/src/Illuminate/Routing/Router.php(614): Illuminate\\Routing\\Router->dispatchToRoute(Object(Illuminate\\Http\\Request))
#40 /mnt/BLOCKSTORAGE/home/152693.cloudwaysapps.com/dmfstpkqcy/public_html/vendor/laravel/framework/src/Illuminate/Foundation/Http/Kernel.php(176): Illuminate\\Routing\\Router->dispatch(Object(Illuminate\\Http\\Request))
#41 /mnt/BLOCKSTORAGE/home/152693.cloudwaysapps.com/dmfstpkqcy/public_html/vendor/laravel/framework/src/Illuminate/Routing/Pipeline.php(30): Illuminate\\Foundation\\Http\\Kernel->Illuminate\\Foundation\\Http\\{closure}(Object(Illuminate\\Http\\Request))
#42 /mnt/BLOCKSTORAGE/home/152693.cloudwaysapps.com/dmfstpkqcy/public_html/vendor/barryvdh/laravel-debugbar/src/Middleware/InjectDebugbar.php(58): Illuminate\\Routing\\Pipeline->Illuminate\\Routing\\{closure}(Object(Illuminate\\Http\\Request))
#43 /mnt/BLOCKSTORAGE/home/152693.cloudwaysapps.com/dmfstpkqcy/public_html/vendor/laravel/framework/src/Illuminate/Pipeline/Pipeline.php(163): Barryvdh\\Debugbar\\Middleware\\InjectDebugbar->handle(Object(Illuminate\\Http\\Request), Object(Closure))
#44 /mnt/BLOCKSTORAGE/home/152693.cloudwaysapps.com/dmfstpkqcy/public_html/vendor/laravel/framework/src/Illuminate/Routing/Pipeline.php(53): Illuminate\\Pipeline\\Pipeline->Illuminate\\Pipeline\\{closure}(Object(Illuminate\\Http\\Request))
#45 /mnt/BLOCKSTORAGE/home/152693.cloudwaysapps.com/dmfstpkqcy/public_html/vendor/fideloper/proxy/src/TrustProxies.php(57): Illuminate\\Routing\\Pipeline->Illuminate\\Routing\\{closure}(Object(Illuminate\\Http\\Request))
#46 /mnt/BLOCKSTORAGE/home/152693.cloudwaysapps.com/dmfstpkqcy/public_html/vendor/laravel/framework/src/Illuminate/Pipeline/Pipeline.php(163): Fideloper\\Proxy\\TrustProxies->handle(Object(Illuminate\\Http\\Request), Object(Closure))
#47 /mnt/BLOCKSTORAGE/home/152693.cloudwaysapps.com/dmfstpkqcy/public_html/vendor/laravel/framework/src/Illuminate/Routing/Pipeline.php(53): Illuminate\\Pipeline\\Pipeline->Illuminate\\Pipeline\\{closure}(Object(Illuminate\\Http\\Request))
#48 /mnt/BLOCKSTORAGE/home/152693.cloudwaysapps.com/dmfstpkqcy/public_html/vendor/laravel/framework/src/Illuminate/Foundation/Http/Middleware/TransformsRequest.php(31): Illuminate\\Routing\\Pipeline->Illuminate\\Routing\\{closure}(Object(Illuminate\\Http\\Request))
#49 /mnt/BLOCKSTORAGE/home/152693.cloudwaysapps.com/dmfstpkqcy/public_html/vendor/laravel/framework/src/Illuminate/Pipeline/Pipeline.php(163): Illuminate\\Foundation\\Http\\Middleware\\TransformsRequest->handle(Object(Illuminate\\Http\\Request), Object(Closure))
#50 /mnt/BLOCKSTORAGE/home/152693.cloudwaysapps.com/dmfstpkqcy/public_html/vendor/laravel/framework/src/Illuminate/Routing/Pipeline.php(53): Illuminate\\Pipeline\\Pipeline->Illuminate\\Pipeline\\{closure}(Object(Illuminate\\Http\\Request))
#51 /mnt/BLOCKSTORAGE/home/152693.cloudwaysapps.com/dmfstpkqcy/public_html/vendor/laravel/framework/src/Illuminate/Foundation/Http/Middleware/TransformsRequest.php(31): Illuminate\\Routing\\Pipeline->Illuminate\\Routing\\{closure}(Object(Illuminate\\Http\\Request))
#52 /mnt/BLOCKSTORAGE/home/152693.cloudwaysapps.com/dmfstpkqcy/public_html/vendor/laravel/framework/src/Illuminate/Pipeline/Pipeline.php(163): Illuminate\\Foundation\\Http\\Middleware\\TransformsRequest->handle(Object(Illuminate\\Http\\Request), Object(Closure))
#53 /mnt/BLOCKSTORAGE/home/152693.cloudwaysapps.com/dmfstpkqcy/public_html/vendor/laravel/framework/src/Illuminate/Routing/Pipeline.php(53): Illuminate\\Pipeline\\Pipeline->Illuminate\\Pipeline\\{closure}(Object(Illuminate\\Http\\Request))
#54 /mnt/BLOCKSTORAGE/home/152693.cloudwaysapps.com/dmfstpkqcy/public_html/vendor/laravel/framework/src/Illuminate/Foundation/Http/Middleware/ValidatePostSize.php(27): Illuminate\\Routing\\Pipeline->Illuminate\\Routing\\{closure}(Object(Illuminate\\Http\\Request))
#55 /mnt/BLOCKSTORAGE/home/152693.cloudwaysapps.com/dmfstpkqcy/public_html/vendor/laravel/framework/src/Illuminate/Pipeline/Pipeline.php(163): Illuminate\\Foundation\\Http\\Middleware\\ValidatePostSize->handle(Object(Illuminate\\Http\\Request), Object(Closure))
#56 /mnt/BLOCKSTORAGE/home/152693.cloudwaysapps.com/dmfstpkqcy/public_html/vendor/laravel/framework/src/Illuminate/Routing/Pipeline.php(53): Illuminate\\Pipeline\\Pipeline->Illuminate\\Pipeline\\{closure}(Object(Illuminate\\Http\\Request))
#57 /mnt/BLOCKSTORAGE/home/152693.cloudwaysapps.com/dmfstpkqcy/public_html/vendor/laravel/framework/src/Illuminate/Foundation/Http/Middleware/CheckForMaintenanceMode.php(62): Illuminate\\Routing\\Pipeline->Illuminate\\Routing\\{closure}(Object(Illuminate\\Http\\Request))
#58 /mnt/BLOCKSTORAGE/home/152693.cloudwaysapps.com/dmfstpkqcy/public_html/vendor/laravel/framework/src/Illuminate/Pipeline/Pipeline.php(163): Illuminate\\Foundation\\Http\\Middleware\\CheckForMaintenanceMode->handle(Object(Illuminate\\Http\\Request), Object(Closure))
#59 /mnt/BLOCKSTORAGE/home/152693.cloudwaysapps.com/dmfstpkqcy/public_html/vendor/laravel/framework/src/Illuminate/Routing/Pipeline.php(53): Illuminate\\Pipeline\\Pipeline->Illuminate\\Pipeline\\{closure}(Object(Illuminate\\Http\\Request))
#60 /mnt/BLOCKSTORAGE/home/152693.cloudwaysapps.com/dmfstpkqcy/public_html/vendor/laravel/framework/src/Illuminate/Pipeline/Pipeline.php(104): Illuminate\\Routing\\Pipeline->Illuminate\\Routing\\{closure}(Object(Illuminate\\Http\\Request))
#61 /mnt/BLOCKSTORAGE/home/152693.cloudwaysapps.com/dmfstpkqcy/public_html/vendor/laravel/framework/src/Illuminate/Foundation/Http/Kernel.php(151): Illuminate\\Pipeline\\Pipeline->then(Object(Closure))
#62 /mnt/BLOCKSTORAGE/home/152693.cloudwaysapps.com/dmfstpkqcy/public_html/vendor/laravel/framework/src/Illuminate/Foundation/Http/Kernel.php(116): Illuminate\\Foundation\\Http\\Kernel->sendRequestThroughRouter(Object(Illuminate\\Http\\Request))
#63 /mnt/BLOCKSTORAGE/home/152693.cloudwaysapps.com/dmfstpkqcy/public_html/public/index.php(55): Illuminate\\Foundation\\Http\\Kernel->handle(Object(Illuminate\\Http\\Request))
#64 /mnt/BLOCKSTORAGE/home/152693.cloudwaysapps.com/dmfstpkqcy/public_html/index.php(21): require_once('/mnt/BLOCKSTORA...')
#65 {main}
"} 
