0 info it worked if it ends with ok
1 verbose cli [ '/usr/bin/node',
1 verbose cli   '/usr/bin/npm',
1 verbose cli   'install',
1 verbose cli   'jquery-slimscroll' ]
2 info using npm@3.10.10
3 info using node@v6.17.1
4 silly loadCurrentTree Starting
5 silly install loadCurrentTree
6 silly install readLocalPackageData
7 silly fetchPackageMetaData jquery-slimscroll@^1.3.8
8 silly fetchNamedPackageData jquery-slimscroll
9 silly mapToRegistry name jquery-slimscroll
10 silly mapToRegistry using default registry
11 silly mapToRegistry registry https://registry.npmjs.org/
12 silly mapToRegistry data Result {
12 silly mapToRegistry   raw: 'jquery-slimscroll',
12 silly mapToRegistry   scope: null,
12 silly mapToRegistry   escapedName: 'jquery-slimscroll',
12 silly mapToRegistry   name: 'jquery-slimscroll',
12 silly mapToRegistry   rawSpec: '',
12 silly mapToRegistry   spec: 'latest',
12 silly mapToRegistry   type: 'tag' }
13 silly mapToRegistry uri https://registry.npmjs.org/jquery-slimscroll
14 verbose request uri https://registry.npmjs.org/jquery-slimscroll
15 verbose request no auth needed
16 info attempt registry request try #1 at 6:59:35 AM
17 verbose request id 1a5c77df4ca13aea
18 http request GET https://registry.npmjs.org/jquery-slimscroll
19 http 200 https://registry.npmjs.org/jquery-slimscroll
20 verbose headers { date: 'Fri, 26 Feb 2021 06:59:35 GMT',
20 verbose headers   'content-type': 'application/json; charset=UTF-8',
20 verbose headers   'transfer-encoding': 'chunked',
20 verbose headers   connection: 'keep-alive',
20 verbose headers   'set-cookie': [ '__cfduid=d2e2e4e24668a1da272decc62b1902b511614322775; expires=Sun, 28-Mar-21 06:59:35 GMT; path=/; domain=.npmjs.org; HttpOnly; SameSite=Lax' ],
20 verbose headers   'cf-ray': '6277c8c4cc9f0000-SJC',
20 verbose headers   age: '2949',
20 verbose headers   'cache-control': 'public, max-age=300',
20 verbose headers   etag: 'W/"fd49f83594547a65dcf45cefc55feaf5"',
20 verbose headers   'last-modified': 'Sun, 27 May 2018 05:28:24 GMT',
20 verbose headers   vary: 'accept-encoding, accept',
20 verbose headers   'cf-cache-status': 'HIT',
20 verbose headers   'cf-request-id': '087ebbcefe00010000a2293000000001',
20 verbose headers   'expect-ct': 'max-age=604800, report-uri="https://report-uri.cloudflare.com/cdn-cgi/beacon/expect-ct"',
20 verbose headers   server: 'cloudflare',
20 verbose headers   'content-encoding': 'gzip' }
21 silly get cb [ 200,
21 silly get   { date: 'Fri, 26 Feb 2021 06:59:35 GMT',
21 silly get     'content-type': 'application/json; charset=UTF-8',
21 silly get     'transfer-encoding': 'chunked',
21 silly get     connection: 'keep-alive',
21 silly get     'set-cookie': [ '__cfduid=d2e2e4e24668a1da272decc62b1902b511614322775; expires=Sun, 28-Mar-21 06:59:35 GMT; path=/; domain=.npmjs.org; HttpOnly; SameSite=Lax' ],
21 silly get     'cf-ray': '6277c8c4cc9f0000-SJC',
21 silly get     age: '2949',
21 silly get     'cache-control': 'public, max-age=300',
21 silly get     etag: 'W/"fd49f83594547a65dcf45cefc55feaf5"',
21 silly get     'last-modified': 'Sun, 27 May 2018 05:28:24 GMT',
21 silly get     vary: 'accept-encoding, accept',
21 silly get     'cf-cache-status': 'HIT',
21 silly get     'cf-request-id': '087ebbcefe00010000a2293000000001',
21 silly get     'expect-ct': 'max-age=604800, report-uri="https://report-uri.cloudflare.com/cdn-cgi/beacon/expect-ct"',
21 silly get     server: 'cloudflare',
21 silly get     'content-encoding': 'gzip' } ]
22 verbose get saving jquery-slimscroll to /home/152693.cloudwaysapps.com/dmfstpkqcy/.npm/registry.npmjs.org/jquery-slimscroll/.cache.json
23 verbose correctMkdir /home/152693.cloudwaysapps.com/dmfstpkqcy/.npm correctMkdir not in flight; initializing
24 verbose makeDirectory /home/152693.cloudwaysapps.com/dmfstpkqcy/.npm creation not in flight; initializing
25 silly makeDirectory /home/152693.cloudwaysapps.com/dmfstpkqcy/.npm uid: 1105 gid: 33
26 silly install normalizeTree
27 silly loadCurrentTree Finishing
28 silly loadIdealTree Starting
29 silly install loadIdealTree
30 silly cloneCurrentTree Starting
31 silly install cloneCurrentTreeToIdealTree
32 silly cloneCurrentTree Finishing
33 silly loadShrinkwrap Starting
34 silly install loadShrinkwrap
35 silly loadShrinkwrap Finishing
36 silly loadAllDepsIntoIdealTree Starting
37 silly install loadAllDepsIntoIdealTree
38 silly resolveWithNewModule jquery-slimscroll@1.3.8 checking installable status
39 silly cache add args [ 'jquery-slimscroll@^1.3.8', null ]
40 verbose cache add spec jquery-slimscroll@^1.3.8
41 silly cache add parsed spec Result {
41 silly cache add   raw: 'jquery-slimscroll@^1.3.8',
41 silly cache add   scope: null,
41 silly cache add   escapedName: 'jquery-slimscroll',
41 silly cache add   name: 'jquery-slimscroll',
41 silly cache add   rawSpec: '^1.3.8',
41 silly cache add   spec: '>=1.3.8 <2.0.0',
41 silly cache add   type: 'range' }
42 silly addNamed jquery-slimscroll@>=1.3.8 <2.0.0
43 verbose addNamed ">=1.3.8 <2.0.0" is a valid semver range for jquery-slimscroll
44 silly addNameRange { name: 'jquery-slimscroll',
44 silly addNameRange   range: '>=1.3.8 <2.0.0',
44 silly addNameRange   hasData: false }
45 silly mapToRegistry name jquery-slimscroll
46 silly mapToRegistry using default registry
47 silly mapToRegistry registry https://registry.npmjs.org/
48 silly mapToRegistry data Result {
48 silly mapToRegistry   raw: 'jquery-slimscroll',
48 silly mapToRegistry   scope: null,
48 silly mapToRegistry   escapedName: 'jquery-slimscroll',
48 silly mapToRegistry   name: 'jquery-slimscroll',
48 silly mapToRegistry   rawSpec: '',
48 silly mapToRegistry   spec: 'latest',
48 silly mapToRegistry   type: 'tag' }
49 silly mapToRegistry uri https://registry.npmjs.org/jquery-slimscroll
50 verbose addNameRange registry:https://registry.npmjs.org/jquery-slimscroll not in flight; fetching
51 verbose request uri https://registry.npmjs.org/jquery-slimscroll
52 verbose request no auth needed
53 info attempt registry request try #1 at 6:59:35 AM
54 http request GET https://registry.npmjs.org/jquery-slimscroll
55 http 200 https://registry.npmjs.org/jquery-slimscroll
56 verbose headers { date: 'Fri, 26 Feb 2021 06:59:35 GMT',
56 verbose headers   'content-type': 'application/json; charset=UTF-8',
56 verbose headers   'transfer-encoding': 'chunked',
56 verbose headers   connection: 'keep-alive',
56 verbose headers   'set-cookie': [ '__cfduid=d2e2e4e24668a1da272decc62b1902b511614322775; expires=Sun, 28-Mar-21 06:59:35 GMT; path=/; domain=.npmjs.org; HttpOnly; SameSite=Lax' ],
56 verbose headers   'cf-ray': '6277c8c54db20000-SJC',
56 verbose headers   age: '2949',
56 verbose headers   'cache-control': 'public, max-age=300',
56 verbose headers   etag: 'W/"fd49f83594547a65dcf45cefc55feaf5"',
56 verbose headers   'last-modified': 'Sun, 27 May 2018 05:28:24 GMT',
56 verbose headers   vary: 'accept-encoding, accept',
56 verbose headers   'cf-cache-status': 'HIT',
56 verbose headers   'cf-request-id': '087ebbcf5100010000d0969000000001',
56 verbose headers   'expect-ct': 'max-age=604800, report-uri="https://report-uri.cloudflare.com/cdn-cgi/beacon/expect-ct"',
56 verbose headers   server: 'cloudflare',
56 verbose headers   'content-encoding': 'gzip' }
57 silly get cb [ 200,
57 silly get   { date: 'Fri, 26 Feb 2021 06:59:35 GMT',
57 silly get     'content-type': 'application/json; charset=UTF-8',
57 silly get     'transfer-encoding': 'chunked',
57 silly get     connection: 'keep-alive',
57 silly get     'set-cookie': [ '__cfduid=d2e2e4e24668a1da272decc62b1902b511614322775; expires=Sun, 28-Mar-21 06:59:35 GMT; path=/; domain=.npmjs.org; HttpOnly; SameSite=Lax' ],
57 silly get     'cf-ray': '6277c8c54db20000-SJC',
57 silly get     age: '2949',
57 silly get     'cache-control': 'public, max-age=300',
57 silly get     etag: 'W/"fd49f83594547a65dcf45cefc55feaf5"',
57 silly get     'last-modified': 'Sun, 27 May 2018 05:28:24 GMT',
57 silly get     vary: 'accept-encoding, accept',
57 silly get     'cf-cache-status': 'HIT',
57 silly get     'cf-request-id': '087ebbcf5100010000d0969000000001',
57 silly get     'expect-ct': 'max-age=604800, report-uri="https://report-uri.cloudflare.com/cdn-cgi/beacon/expect-ct"',
57 silly get     server: 'cloudflare',
57 silly get     'content-encoding': 'gzip' } ]
58 verbose get saving jquery-slimscroll to /home/152693.cloudwaysapps.com/dmfstpkqcy/.npm/registry.npmjs.org/jquery-slimscroll/.cache.json
59 verbose correctMkdir /home/152693.cloudwaysapps.com/dmfstpkqcy/.npm correctMkdir not in flight; initializing
60 silly addNameRange number 2 { name: 'jquery-slimscroll',
60 silly addNameRange   range: '>=1.3.8 <2.0.0',
60 silly addNameRange   hasData: true }
61 silly addNameRange versions [ 'jquery-slimscroll', [ '1.3.3', '1.3.6', '1.3.8' ] ]
62 silly addNamed jquery-slimscroll@1.3.8
63 verbose addNamed "1.3.8" is a plain semver version for jquery-slimscroll
64 silly mapToRegistry name jquery-slimscroll
65 silly mapToRegistry using default registry
66 silly mapToRegistry registry https://registry.npmjs.org/
67 silly mapToRegistry data Result {
67 silly mapToRegistry   raw: 'jquery-slimscroll',
67 silly mapToRegistry   scope: null,
67 silly mapToRegistry   escapedName: 'jquery-slimscroll',
67 silly mapToRegistry   name: 'jquery-slimscroll',
67 silly mapToRegistry   rawSpec: '',
67 silly mapToRegistry   spec: 'latest',
67 silly mapToRegistry   type: 'tag' }
68 silly mapToRegistry uri https://registry.npmjs.org/jquery-slimscroll
69 verbose addRemoteTarball https://registry.npmjs.org/jquery-slimscroll/-/jquery-slimscroll-1.3.8.tgz not in flight; adding
70 verbose addRemoteTarball [ 'https://registry.npmjs.org/jquery-slimscroll/-/jquery-slimscroll-1.3.8.tgz',
70 verbose addRemoteTarball   '8481c44e7a47687653908a28f7f70aed64c84e36' ]
71 info retry fetch attempt 1 at 6:59:35 AM
72 info attempt registry request try #1 at 6:59:35 AM
73 http fetch GET https://registry.npmjs.org/jquery-slimscroll/-/jquery-slimscroll-1.3.8.tgz
74 http fetch 200 https://registry.npmjs.org/jquery-slimscroll/-/jquery-slimscroll-1.3.8.tgz
75 silly fetchAndShaCheck shasum 8481c44e7a47687653908a28f7f70aed64c84e36
76 verbose addTmpTarball /tmp/npm-17326-2fae640b/registry.npmjs.org/jquery-slimscroll/-/jquery-slimscroll-1.3.8.tgz not in flight; adding
77 verbose addTmpTarball already have metadata; skipping unpack for jquery-slimscroll@1.3.8
78 verbose correctMkdir /home/152693.cloudwaysapps.com/dmfstpkqcy/.npm correctMkdir not in flight; initializing
79 silly rollbackFailedOptional Starting
80 silly rollbackFailedOptional Finishing
81 silly runTopLevelLifecycles Finishing
82 silly install printInstalled
83 verbose stack Error: EACCES: permission denied, mkdir '/home/152693.cloudwaysapps.com/dmfstpkqcy/.npm'
83 verbose stack     at Error (native)
84 verbose cwd /mnt/BLOCKSTORAGE/home/152693.cloudwaysapps.com/dmfstpkqcy/public_html
85 error Linux 4.9.0-13-amd64
86 error argv "/usr/bin/node" "/usr/bin/npm" "install" "jquery-slimscroll"
87 error node v6.17.1
88 error npm  v3.10.10
89 error path /home/152693.cloudwaysapps.com/dmfstpkqcy/.npm
90 error code EACCES
91 error errno -13
92 error syscall mkdir
93 error Error: EACCES: permission denied, mkdir '/home/152693.cloudwaysapps.com/dmfstpkqcy/.npm'
93 error     at Error (native)
93 error  { Error: EACCES: permission denied, mkdir '/home/152693.cloudwaysapps.com/dmfstpkqcy/.npm'
93 error     at Error (native)
93 error   errno: -13,
93 error   code: 'EACCES',
93 error   syscall: 'mkdir',
93 error   path: '/home/152693.cloudwaysapps.com/dmfstpkqcy/.npm' }
94 error Please try running this command again as root/Administrator.
95 verbose exit [ -13, true ]
